<?xml version="1.0" encoding="UTF-8"?>
<testsuite xmlns:xsi="http://www.w3.org/2001/XMLSchema-instance" xsi:noNamespaceSchemaLocation="https://maven.apache.org/surefire/maven-surefire-plugin/xsd/surefire-test-report-3.0.xsd" version="3.0" name="TestSuite" time="51.571" tests="24" errors="0" skipped="0" failures="0">
  <properties>
    <property name="java.specification.version" value="21"/>
    <property name="sun.cpu.isalist" value="amd64"/>
    <property name="sun.jnu.encoding" value="Cp1252"/>
    <property name="java.class.path" value="D:\Capstone Project\SauceDemo-capstone-project\target\test-classes;D:\Capstone Project\SauceDemo-capstone-project\target\classes;C:\Users\kiran\.m2\repository\junit\junit\3.8.1\junit-3.8.1.jar;C:\Users\kiran\.m2\repository\org\seleniumhq\selenium\selenium-java\4.23.0\selenium-java-4.23.0.jar;C:\Users\kiran\.m2\repository\org\seleniumhq\selenium\selenium-api\4.23.0\selenium-api-4.23.0.jar;C:\Users\kiran\.m2\repository\org\seleniumhq\selenium\selenium-chrome-driver\4.23.0\selenium-chrome-driver-4.23.0.jar;C:\Users\kiran\.m2\repository\com\google\auto\service\auto-service-annotations\1.1.1\auto-service-annotations-1.1.1.jar;C:\Users\kiran\.m2\repository\org\seleniumhq\selenium\selenium-chromium-driver\4.23.0\selenium-chromium-driver-4.23.0.jar;C:\Users\kiran\.m2\repository\org\seleniumhq\selenium\selenium-json\4.23.0\selenium-json-4.23.0.jar;C:\Users\kiran\.m2\repository\org\seleniumhq\selenium\selenium-manager\4.23.0\selenium-manager-4.23.0.jar;C:\Users\kiran\.m2\repository\org\seleniumhq\selenium\selenium-devtools-v125\4.23.0\selenium-devtools-v125-4.23.0.jar;C:\Users\kiran\.m2\repository\org\seleniumhq\selenium\selenium-devtools-v126\4.23.0\selenium-devtools-v126-4.23.0.jar;C:\Users\kiran\.m2\repository\org\seleniumhq\selenium\selenium-devtools-v127\4.23.0\selenium-devtools-v127-4.23.0.jar;C:\Users\kiran\.m2\repository\org\seleniumhq\selenium\selenium-devtools-v85\4.23.0\selenium-devtools-v85-4.23.0.jar;C:\Users\kiran\.m2\repository\org\seleniumhq\selenium\selenium-edge-driver\4.23.0\selenium-edge-driver-4.23.0.jar;C:\Users\kiran\.m2\repository\org\seleniumhq\selenium\selenium-firefox-driver\4.23.0\selenium-firefox-driver-4.23.0.jar;C:\Users\kiran\.m2\repository\org\seleniumhq\selenium\selenium-http\4.23.0\selenium-http-4.23.0.jar;C:\Users\kiran\.m2\repository\dev\failsafe\failsafe\3.3.2\failsafe-3.3.2.jar;C:\Users\kiran\.m2\repository\org\seleniumhq\selenium\selenium-ie-driver\4.23.0\selenium-ie-driver-4.23.0.jar;C:\Users\kiran\.m2\repository\org\seleniumhq\selenium\selenium-remote-driver\4.23.0\selenium-remote-driver-4.23.0.jar;C:\Users\kiran\.m2\repository\com\google\guava\guava\33.2.1-jre\guava-33.2.1-jre.jar;C:\Users\kiran\.m2\repository\com\google\guava\failureaccess\1.0.2\failureaccess-1.0.2.jar;C:\Users\kiran\.m2\repository\com\google\guava\listenablefuture\9999.0-empty-to-avoid-conflict-with-guava\listenablefuture-9999.0-empty-to-avoid-conflict-with-guava.jar;C:\Users\kiran\.m2\repository\com\google\code\findbugs\jsr305\3.0.2\jsr305-3.0.2.jar;C:\Users\kiran\.m2\repository\org\checkerframework\checker-qual\3.42.0\checker-qual-3.42.0.jar;C:\Users\kiran\.m2\repository\com\google\errorprone\error_prone_annotations\2.26.1\error_prone_annotations-2.26.1.jar;C:\Users\kiran\.m2\repository\com\google\j2objc\j2objc-annotations\3.0.0\j2objc-annotations-3.0.0.jar;C:\Users\kiran\.m2\repository\io\opentelemetry\semconv\opentelemetry-semconv\1.25.0-alpha\opentelemetry-semconv-1.25.0-alpha.jar;C:\Users\kiran\.m2\repository\io\opentelemetry\opentelemetry-api\1.40.0\opentelemetry-api-1.40.0.jar;C:\Users\kiran\.m2\repository\io\opentelemetry\opentelemetry-context\1.40.0\opentelemetry-context-1.40.0.jar;C:\Users\kiran\.m2\repository\io\opentelemetry\opentelemetry-exporter-logging\1.40.0\opentelemetry-exporter-logging-1.40.0.jar;C:\Users\kiran\.m2\repository\io\opentelemetry\opentelemetry-sdk-common\1.40.0\opentelemetry-sdk-common-1.40.0.jar;C:\Users\kiran\.m2\repository\io\opentelemetry\opentelemetry-sdk-extension-autoconfigure-spi\1.40.0\opentelemetry-sdk-extension-autoconfigure-spi-1.40.0.jar;C:\Users\kiran\.m2\repository\io\opentelemetry\opentelemetry-sdk-extension-autoconfigure\1.40.0\opentelemetry-sdk-extension-autoconfigure-1.40.0.jar;C:\Users\kiran\.m2\repository\io\opentelemetry\opentelemetry-api-incubator\1.40.0-alpha\opentelemetry-api-incubator-1.40.0-alpha.jar;C:\Users\kiran\.m2\repository\io\opentelemetry\opentelemetry-sdk-trace\1.40.0\opentelemetry-sdk-trace-1.40.0.jar;C:\Users\kiran\.m2\repository\io\opentelemetry\opentelemetry-sdk\1.40.0\opentelemetry-sdk-1.40.0.jar;C:\Users\kiran\.m2\repository\io\opentelemetry\opentelemetry-sdk-metrics\1.40.0\opentelemetry-sdk-metrics-1.40.0.jar;C:\Users\kiran\.m2\repository\io\opentelemetry\opentelemetry-sdk-logs\1.40.0\opentelemetry-sdk-logs-1.40.0.jar;C:\Users\kiran\.m2\repository\net\bytebuddy\byte-buddy\1.14.18\byte-buddy-1.14.18.jar;C:\Users\kiran\.m2\repository\org\seleniumhq\selenium\selenium-os\4.23.0\selenium-os-4.23.0.jar;C:\Users\kiran\.m2\repository\org\apache\commons\commons-exec\1.4.0\commons-exec-1.4.0.jar;C:\Users\kiran\.m2\repository\org\seleniumhq\selenium\selenium-safari-driver\4.23.0\selenium-safari-driver-4.23.0.jar;C:\Users\kiran\.m2\repository\org\seleniumhq\selenium\selenium-support\4.23.0\selenium-support-4.23.0.jar;C:\Users\kiran\.m2\repository\com\aventstack\extentreports\5.0.9\extentreports-5.0.9.jar;C:\Users\kiran\.m2\repository\io\reactivex\rxjava3\rxjava\3.0.4\rxjava-3.0.4.jar;C:\Users\kiran\.m2\repository\org\reactivestreams\reactive-streams\1.0.3\reactive-streams-1.0.3.jar;C:\Users\kiran\.m2\repository\org\freemarker\freemarker\2.3.30\freemarker-2.3.30.jar;C:\Users\kiran\.m2\repository\com\google\code\gson\gson\2.8.6\gson-2.8.6.jar;C:\Users\kiran\.m2\repository\io\cucumber\cucumber-java\7.15.0\cucumber-java-7.15.0.jar;C:\Users\kiran\.m2\repository\io\cucumber\cucumber-core\7.15.0\cucumber-core-7.15.0.jar;C:\Users\kiran\.m2\repository\io\cucumber\cucumber-gherkin\7.15.0\cucumber-gherkin-7.15.0.jar;C:\Users\kiran\.m2\repository\io\cucumber\cucumber-gherkin-messages\7.15.0\cucumber-gherkin-messages-7.15.0.jar;C:\Users\kiran\.m2\repository\io\cucumber\gherkin\26.2.0\gherkin-26.2.0.jar;C:\Users\kiran\.m2\repository\io\cucumber\messages\22.0.0\messages-22.0.0.jar;C:\Users\kiran\.m2\repository\io\cucumber\tag-expressions\6.0.0\tag-expressions-6.0.0.jar;C:\Users\kiran\.m2\repository\io\cucumber\cucumber-expressions\17.0.1\cucumber-expressions-17.0.1.jar;C:\Users\kiran\.m2\repository\io\cucumber\datatable\7.15.0\datatable-7.15.0.jar;C:\Users\kiran\.m2\repository\io\cucumber\cucumber-plugin\7.15.0\cucumber-plugin-7.15.0.jar;C:\Users\kiran\.m2\repository\io\cucumber\docstring\7.15.0\docstring-7.15.0.jar;C:\Users\kiran\.m2\repository\io\cucumber\html-formatter\20.4.0\html-formatter-20.4.0.jar;C:\Users\kiran\.m2\repository\io\cucumber\junit-xml-formatter\0.2.0\junit-xml-formatter-0.2.0.jar;C:\Users\kiran\.m2\repository\io\cucumber\ci-environment\10.0.0\ci-environment-10.0.0.jar;C:\Users\kiran\.m2\repository\org\apiguardian\apiguardian-api\1.1.2\apiguardian-api-1.1.2.jar;C:\Users\kiran\.m2\repository\io\cucumber\cucumber-testng\7.15.0\cucumber-testng-7.15.0.jar;C:\Users\kiran\.m2\repository\org\testng\testng\7.8.0\testng-7.8.0.jar;C:\Users\kiran\.m2\repository\org\slf4j\slf4j-api\1.7.36\slf4j-api-1.7.36.jar;C:\Users\kiran\.m2\repository\com\beust\jcommander\1.82\jcommander-1.82.jar;C:\Users\kiran\.m2\repository\org\webjars\jquery\3.6.1\jquery-3.6.1.jar;C:\Users\kiran\.m2\repository\org\projectlombok\lombok\1.18.28\lombok-1.18.28.jar;"/>
    <property name="java.vm.vendor" value="Eclipse Adoptium"/>
    <property name="sun.arch.data.model" value="64"/>
    <property name="user.variant" value=""/>
    <property name="java.vendor.url" value="https://adoptium.net/"/>
    <property name="user.timezone" value="Asia/Calcutta"/>
    <property name="os.name" value="Windows 11"/>
    <property name="java.vm.specification.version" value="21"/>
    <property name="sun.java.launcher" value="SUN_STANDARD"/>
    <property name="user.country" value="IN"/>
    <property name="sun.boot.library.path" value="C:\Users\kiran\.p2\pool\plugins\org.eclipse.justj.openjdk.hotspot.jre.full.win32.x86_64_21.0.7.v20250502-0916\jre\bin"/>
    <property name="sun.java.command" value="C:\Users\kiran\AppData\Local\Temp\surefire11639696655404894938\surefirebooter-20250908102535789_3.jar C:\Users\kiran\AppData\Local\Temp\surefire11639696655404894938 2025-09-08T10-25-35_464-jvmRun1 surefire-20250908102535789_1tmp surefire_0-20250908102535789_2tmp"/>
    <property name="jdk.debug" value="release"/>
    <property name="surefire.test.class.path" value="D:\Capstone Project\SauceDemo-capstone-project\target\test-classes;D:\Capstone Project\SauceDemo-capstone-project\target\classes;C:\Users\kiran\.m2\repository\junit\junit\3.8.1\junit-3.8.1.jar;C:\Users\kiran\.m2\repository\org\seleniumhq\selenium\selenium-java\4.23.0\selenium-java-4.23.0.jar;C:\Users\kiran\.m2\repository\org\seleniumhq\selenium\selenium-api\4.23.0\selenium-api-4.23.0.jar;C:\Users\kiran\.m2\repository\org\seleniumhq\selenium\selenium-chrome-driver\4.23.0\selenium-chrome-driver-4.23.0.jar;C:\Users\kiran\.m2\repository\com\google\auto\service\auto-service-annotations\1.1.1\auto-service-annotations-1.1.1.jar;C:\Users\kiran\.m2\repository\org\seleniumhq\selenium\selenium-chromium-driver\4.23.0\selenium-chromium-driver-4.23.0.jar;C:\Users\kiran\.m2\repository\org\seleniumhq\selenium\selenium-json\4.23.0\selenium-json-4.23.0.jar;C:\Users\kiran\.m2\repository\org\seleniumhq\selenium\selenium-manager\4.23.0\selenium-manager-4.23.0.jar;C:\Users\kiran\.m2\repository\org\seleniumhq\selenium\selenium-devtools-v125\4.23.0\selenium-devtools-v125-4.23.0.jar;C:\Users\kiran\.m2\repository\org\seleniumhq\selenium\selenium-devtools-v126\4.23.0\selenium-devtools-v126-4.23.0.jar;C:\Users\kiran\.m2\repository\org\seleniumhq\selenium\selenium-devtools-v127\4.23.0\selenium-devtools-v127-4.23.0.jar;C:\Users\kiran\.m2\repository\org\seleniumhq\selenium\selenium-devtools-v85\4.23.0\selenium-devtools-v85-4.23.0.jar;C:\Users\kiran\.m2\repository\org\seleniumhq\selenium\selenium-edge-driver\4.23.0\selenium-edge-driver-4.23.0.jar;C:\Users\kiran\.m2\repository\org\seleniumhq\selenium\selenium-firefox-driver\4.23.0\selenium-firefox-driver-4.23.0.jar;C:\Users\kiran\.m2\repository\org\seleniumhq\selenium\selenium-http\4.23.0\selenium-http-4.23.0.jar;C:\Users\kiran\.m2\repository\dev\failsafe\failsafe\3.3.2\failsafe-3.3.2.jar;C:\Users\kiran\.m2\repository\org\seleniumhq\selenium\selenium-ie-driver\4.23.0\selenium-ie-driver-4.23.0.jar;C:\Users\kiran\.m2\repository\org\seleniumhq\selenium\selenium-remote-driver\4.23.0\selenium-remote-driver-4.23.0.jar;C:\Users\kiran\.m2\repository\com\google\guava\guava\33.2.1-jre\guava-33.2.1-jre.jar;C:\Users\kiran\.m2\repository\com\google\guava\failureaccess\1.0.2\failureaccess-1.0.2.jar;C:\Users\kiran\.m2\repository\com\google\guava\listenablefuture\9999.0-empty-to-avoid-conflict-with-guava\listenablefuture-9999.0-empty-to-avoid-conflict-with-guava.jar;C:\Users\kiran\.m2\repository\com\google\code\findbugs\jsr305\3.0.2\jsr305-3.0.2.jar;C:\Users\kiran\.m2\repository\org\checkerframework\checker-qual\3.42.0\checker-qual-3.42.0.jar;C:\Users\kiran\.m2\repository\com\google\errorprone\error_prone_annotations\2.26.1\error_prone_annotations-2.26.1.jar;C:\Users\kiran\.m2\repository\com\google\j2objc\j2objc-annotations\3.0.0\j2objc-annotations-3.0.0.jar;C:\Users\kiran\.m2\repository\io\opentelemetry\semconv\opentelemetry-semconv\1.25.0-alpha\opentelemetry-semconv-1.25.0-alpha.jar;C:\Users\kiran\.m2\repository\io\opentelemetry\opentelemetry-api\1.40.0\opentelemetry-api-1.40.0.jar;C:\Users\kiran\.m2\repository\io\opentelemetry\opentelemetry-context\1.40.0\opentelemetry-context-1.40.0.jar;C:\Users\kiran\.m2\repository\io\opentelemetry\opentelemetry-exporter-logging\1.40.0\opentelemetry-exporter-logging-1.40.0.jar;C:\Users\kiran\.m2\repository\io\opentelemetry\opentelemetry-sdk-common\1.40.0\opentelemetry-sdk-common-1.40.0.jar;C:\Users\kiran\.m2\repository\io\opentelemetry\opentelemetry-sdk-extension-autoconfigure-spi\1.40.0\opentelemetry-sdk-extension-autoconfigure-spi-1.40.0.jar;C:\Users\kiran\.m2\repository\io\opentelemetry\opentelemetry-sdk-extension-autoconfigure\1.40.0\opentelemetry-sdk-extension-autoconfigure-1.40.0.jar;C:\Users\kiran\.m2\repository\io\opentelemetry\opentelemetry-api-incubator\1.40.0-alpha\opentelemetry-api-incubator-1.40.0-alpha.jar;C:\Users\kiran\.m2\repository\io\opentelemetry\opentelemetry-sdk-trace\1.40.0\opentelemetry-sdk-trace-1.40.0.jar;C:\Users\kiran\.m2\repository\io\opentelemetry\opentelemetry-sdk\1.40.0\opentelemetry-sdk-1.40.0.jar;C:\Users\kiran\.m2\repository\io\opentelemetry\opentelemetry-sdk-metrics\1.40.0\opentelemetry-sdk-metrics-1.40.0.jar;C:\Users\kiran\.m2\repository\io\opentelemetry\opentelemetry-sdk-logs\1.40.0\opentelemetry-sdk-logs-1.40.0.jar;C:\Users\kiran\.m2\repository\net\bytebuddy\byte-buddy\1.14.18\byte-buddy-1.14.18.jar;C:\Users\kiran\.m2\repository\org\seleniumhq\selenium\selenium-os\4.23.0\selenium-os-4.23.0.jar;C:\Users\kiran\.m2\repository\org\apache\commons\commons-exec\1.4.0\commons-exec-1.4.0.jar;C:\Users\kiran\.m2\repository\org\seleniumhq\selenium\selenium-safari-driver\4.23.0\selenium-safari-driver-4.23.0.jar;C:\Users\kiran\.m2\repository\org\seleniumhq\selenium\selenium-support\4.23.0\selenium-support-4.23.0.jar;C:\Users\kiran\.m2\repository\com\aventstack\extentreports\5.0.9\extentreports-5.0.9.jar;C:\Users\kiran\.m2\repository\io\reactivex\rxjava3\rxjava\3.0.4\rxjava-3.0.4.jar;C:\Users\kiran\.m2\repository\org\reactivestreams\reactive-streams\1.0.3\reactive-streams-1.0.3.jar;C:\Users\kiran\.m2\repository\org\freemarker\freemarker\2.3.30\freemarker-2.3.30.jar;C:\Users\kiran\.m2\repository\com\google\code\gson\gson\2.8.6\gson-2.8.6.jar;C:\Users\kiran\.m2\repository\io\cucumber\cucumber-java\7.15.0\cucumber-java-7.15.0.jar;C:\Users\kiran\.m2\repository\io\cucumber\cucumber-core\7.15.0\cucumber-core-7.15.0.jar;C:\Users\kiran\.m2\repository\io\cucumber\cucumber-gherkin\7.15.0\cucumber-gherkin-7.15.0.jar;C:\Users\kiran\.m2\repository\io\cucumber\cucumber-gherkin-messages\7.15.0\cucumber-gherkin-messages-7.15.0.jar;C:\Users\kiran\.m2\repository\io\cucumber\gherkin\26.2.0\gherkin-26.2.0.jar;C:\Users\kiran\.m2\repository\io\cucumber\messages\22.0.0\messages-22.0.0.jar;C:\Users\kiran\.m2\repository\io\cucumber\tag-expressions\6.0.0\tag-expressions-6.0.0.jar;C:\Users\kiran\.m2\repository\io\cucumber\cucumber-expressions\17.0.1\cucumber-expressions-17.0.1.jar;C:\Users\kiran\.m2\repository\io\cucumber\datatable\7.15.0\datatable-7.15.0.jar;C:\Users\kiran\.m2\repository\io\cucumber\cucumber-plugin\7.15.0\cucumber-plugin-7.15.0.jar;C:\Users\kiran\.m2\repository\io\cucumber\docstring\7.15.0\docstring-7.15.0.jar;C:\Users\kiran\.m2\repository\io\cucumber\html-formatter\20.4.0\html-formatter-20.4.0.jar;C:\Users\kiran\.m2\repository\io\cucumber\junit-xml-formatter\0.2.0\junit-xml-formatter-0.2.0.jar;C:\Users\kiran\.m2\repository\io\cucumber\ci-environment\10.0.0\ci-environment-10.0.0.jar;C:\Users\kiran\.m2\repository\org\apiguardian\apiguardian-api\1.1.2\apiguardian-api-1.1.2.jar;C:\Users\kiran\.m2\repository\io\cucumber\cucumber-testng\7.15.0\cucumber-testng-7.15.0.jar;C:\Users\kiran\.m2\repository\org\testng\testng\7.8.0\testng-7.8.0.jar;C:\Users\kiran\.m2\repository\org\slf4j\slf4j-api\1.7.36\slf4j-api-1.7.36.jar;C:\Users\kiran\.m2\repository\com\beust\jcommander\1.82\jcommander-1.82.jar;C:\Users\kiran\.m2\repository\org\webjars\jquery\3.6.1\jquery-3.6.1.jar;C:\Users\kiran\.m2\repository\org\projectlombok\lombok\1.18.28\lombok-1.18.28.jar;"/>
    <property name="sun.cpu.endian" value="little"/>
    <property name="user.home" value="C:\Users\kiran"/>
    <property name="user.language" value="en"/>
    <property name="java.specification.vendor" value="Oracle Corporation"/>
    <property name="java.version.date" value="2025-04-15"/>
    <property name="java.home" value="C:\Users\kiran\.p2\pool\plugins\org.eclipse.justj.openjdk.hotspot.jre.full.win32.x86_64_21.0.7.v20250502-0916\jre"/>
    <property name="file.separator" value="\"/>
    <property name="basedir" value="D:\Capstone Project\SauceDemo-capstone-project"/>
    <property name="style.color" value="always"/>
    <property name="java.vm.compressedOopsMode" value="32-bit"/>
    <property name="line.separator" value="&#10;"/>
    <property name="java.vm.specification.vendor" value="Oracle Corporation"/>
    <property name="java.specification.name" value="Java Platform API Specification"/>
    <property name="surefire.real.class.path" value="C:\Users\kiran\AppData\Local\Temp\surefire11639696655404894938\surefirebooter-20250908102535789_3.jar"/>
    <property name="user.script" value=""/>
    <property name="sun.management.compiler" value="HotSpot 64-Bit Tiered Compilers"/>
    <property name="java.runtime.version" value="21.0.7+6-LTS"/>
    <property name="user.name" value="kiran"/>
    <property name="stdout.encoding" value="Cp1252"/>
    <property name="path.separator" value=";"/>
    <property name="os.version" value="10.0"/>
    <property name="java.runtime.name" value="OpenJDK Runtime Environment"/>
    <property name="file.encoding" value="UTF-8"/>
    <property name="java.vm.name" value="OpenJDK 64-Bit Server VM"/>
    <property name="java.vendor.version" value="Temurin-21.0.7+6"/>
    <property name="localRepository" value="C:\Users\kiran\.m2\repository"/>
    <property name="java.vendor.url.bug" value="https://github.com/adoptium/adoptium-support/issues"/>
    <property name="java.io.tmpdir" value="C:\Users\kiran\AppData\Local\Temp\"/>
    <property name="java.version" value="21.0.7"/>
    <property name="user.dir" value="D:\Capstone Project\SauceDemo-capstone-project"/>
    <property name="os.arch" value="amd64"/>
    <property name="java.vm.specification.name" value="Java Virtual Machine Specification"/>
    <property name="sun.os.patch.level" value=""/>
    <property name="native.encoding" value="Cp1252"/>
    <property name="java.library.path" value="C:\Users\kiran\.p2\pool\plugins\org.eclipse.justj.openjdk.hotspot.jre.full.win32.x86_64_21.0.7.v20250502-0916\jre\bin;C:\WINDOWS\Sun\Java\bin;C:\WINDOWS\system32;C:\WINDOWS;C:/Users/kiran/.p2/pool/plugins/org.eclipse.justj.openjdk.hotspot.jre.full.win32.x86_64_21.0.7.v20250502-0916/jre/bin/server;C:/Users/kiran/.p2/pool/plugins/org.eclipse.justj.openjdk.hotspot.jre.full.win32.x86_64_21.0.7.v20250502-0916/jre/bin;C:\oraclexe\app\oracle\product\11.2.0\server;C:\Program Files\Common Files\Oracle\Java\javapath;C:\WINDOWS\system32;C:\WINDOWS;C:\WINDOWS\System32\Wbem;C:\WINDOWS\System32\WindowsPowerShell\v1.0\;C:\WINDOWS\System32\OpenSSH\;C:\Program Files\Java\jdk-17.0.4\bin;C:\Program Files\Git\cmd;C:\Program Files\MySQL\MySQL Server 8.0\bin;C:\Program Files\dotnet\;C:\Program Files\Docker\Docker\resources\bin;C:\Program Files\nodejs\;C:\Users\kiran\Downloads\apache-maven-3.9.11-bin\apache-maven-3.9.11\bin;C:\Program Files\Java\jdk-17.0.4\bin;C:\Users\kiran\AppData\Local\Microsoft\WindowsApps;C:\Users\kiran\AppData\Local\Programs\Microsoft VS Code\bin;C:\Users\kiran\AppData\Roaming\npm;;C:\Users\kiran\eclipse\java-2025-03\eclipse;;."/>
    <property name="java.vm.info" value="mixed mode, sharing"/>
    <property name="stderr.encoding" value="Cp1252"/>
    <property name="java.vendor" value="Eclipse Adoptium"/>
    <property name="java.vm.version" value="21.0.7+6-LTS"/>
    <property name="sun.io.unicode.encoding" value="UnicodeLittle"/>
    <property name="java.class.version" value="65.0"/>
  </properties>
  <testcase name="testCompleteUserJourney" classname="integration.IntegrationTest" time="2.671">
    <system-out><![CDATA[Test Suite started!
[DriverFactory] Initializing ChromeDriver for thread: 1
]]></system-out>
    <system-err><![CDATA[SLF4J: Failed to load class "org.slf4j.impl.StaticLoggerBinder".
SLF4J: Defaulting to no-operation (NOP) logger implementation
SLF4J: See http://www.slf4j.org/codes.html#StaticLoggerBinder for further details.
Sept 08, 2025 10:25:41 AM org.openqa.selenium.devtools.CdpVersionFinder findNearestMatch
WARNING: Unable to find CDP implementation matching 140
Sept 08, 2025 10:25:41 AM org.openqa.selenium.chromium.ChromiumDriver lambda$new$5
WARNING: Unable to find version of CDP to use for 140.0.7339.80. You may need to include a dependency on a specific version of the CDP using something similar to `org.seleniumhq.selenium:selenium-devtools-v86:4.23.0` where the version ("v86") matches the version of the chromium-based browser you're using and the version number of the artifact is the same as Selenium's.
]]></system-err>
  </testcase>
  <testcase name="testProblemUser" classname="tests.LoginTest" time="0.822">
    <system-out><![CDATA[Screenshot saved: D:\screenshot\2025-09-08\testCompleteUserJourney_1757307344154.png
[DriverFactory] Quitting driver for thread: 1
[DriverFactory] Initializing ChromeDriver for thread: 1
[DriverFactory] Reusing existing driver for thread: 1
Screenshot saved: D:\screenshot\2025-09-08\LoginPage_Loaded_1757307346898.png
Screenshot saved: D:\screenshot\2025-09-08\testProblemUser_1757307347720.png
]]></system-out>
    <system-err><![CDATA[Sept 08, 2025 10:25:46 AM org.openqa.selenium.devtools.CdpVersionFinder findNearestMatch
WARNING: Unable to find CDP implementation matching 140
Sept 08, 2025 10:25:46 AM org.openqa.selenium.chromium.ChromiumDriver lambda$new$5
WARNING: Unable to find version of CDP to use for 140.0.7339.80. You may need to include a dependency on a specific version of the CDP using something similar to `org.seleniumhq.selenium:selenium-devtools-v86:4.23.0` where the version ("v86") matches the version of the chromium-based browser you're using and the version number of the artifact is the same as Selenium's.
]]></system-err>
  </testcase>
  <testcase name="testEmptyUsername" classname="tests.LoginTest" time="0.403">
    <system-out><![CDATA[Screenshot saved: D:\screenshot\2025-09-08\testProblemUser_1757307347897.png
Screenshot saved: D:\screenshot\2025-09-08\LoginPage_Loaded_1757307348103.png
Screenshot saved: D:\screenshot\2025-09-08\testEmptyUsername_1757307348507.png
]]></system-out>
  </testcase>
  <testcase name="testInvalidUsername" classname="tests.LoginTest" time="0.523">
    <system-out><![CDATA[Screenshot saved: D:\screenshot\2025-09-08\testEmptyUsername_1757307348596.png
Screenshot saved: D:\screenshot\2025-09-08\LoginPage_Loaded_1757307348761.png
Screenshot saved: D:\screenshot\2025-09-08\testInvalidUsername_1757307349282.png
]]></system-out>
  </testcase>
  <testcase name="testEmptyPassword" classname="tests.LoginTest" time="0.399">
    <system-out><![CDATA[Screenshot saved: D:\screenshot\2025-09-08\testInvalidUsername_1757307349392.png
Screenshot saved: D:\screenshot\2025-09-08\LoginPage_Loaded_1757307349570.png
Screenshot saved: D:\screenshot\2025-09-08\testEmptyPassword_1757307349970.png
]]></system-out>
  </testcase>
  <testcase name="testInvalidPassword" classname="tests.LoginTest" time="0.447">
    <system-out><![CDATA[Screenshot saved: D:\screenshot\2025-09-08\testEmptyPassword_1757307350063.png
Screenshot saved: D:\screenshot\2025-09-08\LoginPage_Loaded_1757307350216.png
Screenshot saved: D:\screenshot\2025-09-08\testInvalidPassword_1757307350662.png
]]></system-out>
  </testcase>
  <testcase name="testEmptyUsernameAndPassword" classname="tests.LoginTest" time="0.372">
    <system-out><![CDATA[Screenshot saved: D:\screenshot\2025-09-08\testInvalidPassword_1757307350769.png
Screenshot saved: D:\screenshot\2025-09-08\LoginPage_Loaded_1757307350938.png
Screenshot saved: D:\screenshot\2025-09-08\testEmptyUsernameAndPassword_1757307351310.png
]]></system-out>
  </testcase>
  <testcase name="testLockedOutUser" classname="tests.LoginTest" time="0.396">
    <system-out><![CDATA[Screenshot saved: D:\screenshot\2025-09-08\testEmptyUsernameAndPassword_1757307351420.png
Screenshot saved: D:\screenshot\2025-09-08\LoginPage_Loaded_1757307351556.png
Screenshot saved: D:\screenshot\2025-09-08\testLockedOutUser_1757307351952.png
]]></system-out>
  </testcase>
  <testcase name="testValidLogin" classname="tests.LoginTest" time="0.461">
    <system-out><![CDATA[Screenshot saved: D:\screenshot\2025-09-08\testLockedOutUser_1757307352056.png
Screenshot saved: D:\screenshot\2025-09-08\LoginPage_Loaded_1757307352195.png
Screenshot saved: D:\screenshot\2025-09-08\testValidLogin_1757307352655.png
]]></system-out>
  </testcase>
  <testcase name="verifyProductListDisplay" classname="tests.ProductTest" time="0.473">
    <system-out><![CDATA[Screenshot saved: D:\screenshot\2025-09-08\testValidLogin_1757307352820.png
[DriverFactory] Quitting driver for thread: 1
[DriverFactory] Initializing ChromeDriver for thread: 1
[DriverFactory] Reusing existing driver for thread: 1
]]></system-out>
    <system-err><![CDATA[Sept 08, 2025 10:25:54 AM org.openqa.selenium.devtools.CdpVersionFinder findNearestMatch
WARNING: Unable to find CDP implementation matching 140
Sept 08, 2025 10:25:54 AM org.openqa.selenium.chromium.ChromiumDriver lambda$new$5
WARNING: Unable to find version of CDP to use for 140.0.7339.80. You may need to include a dependency on a specific version of the CDP using something similar to `org.seleniumhq.selenium:selenium-devtools-v86:4.23.0` where the version ("v86") matches the version of the chromium-based browser you're using and the version number of the artifact is the same as Selenium's.
]]></system-err>
  </testcase>
  <testcase name="sortByNameAToZ" classname="tests.ProductTest" time="0.253">
    <system-out><![CDATA[Screenshot saved: D:\screenshot\2025-09-08\verifyProductListDisplay_1757307355960.png
]]></system-out>
  </testcase>
  <testcase name="sortByNameZToA" classname="tests.ProductTest" time="0.172">
    <system-out><![CDATA[Screenshot saved: D:\screenshot\2025-09-08\sortByNameAToZ_1757307356410.png
]]></system-out>
  </testcase>
  <testcase name="sortByPriceLowToHigh" classname="tests.ProductTest" time="0.158">
    <system-out><![CDATA[Screenshot saved: D:\screenshot\2025-09-08\sortByNameZToA_1757307356779.png
]]></system-out>
  </testcase>
  <testcase name="sortByPriceHighToLow" classname="tests.ProductTest" time="0.156">
    <system-out><![CDATA[Screenshot saved: D:\screenshot\2025-09-08\sortByPriceLowToHigh_1757307357130.png
]]></system-out>
  </testcase>
  <testcase name="addProductToCart" classname="tests.ProductTest" time="0.132">
    <system-out><![CDATA[Screenshot saved: D:\screenshot\2025-09-08\sortByPriceHighToLow_1757307357477.png
]]></system-out>
  </testcase>
  <testcase name="clickOnProductDetailsPage" classname="tests.ProductTest" time="0.15">
    <system-out><![CDATA[Screenshot saved: D:\screenshot\2025-09-08\addProductToCart_1757307357812.png
]]></system-out>
  </testcase>
  <testcase name="addInvalidProduct" classname="tests.ProductTest" time="10.023">
    <system-out><![CDATA[Screenshot saved: D:\screenshot\2025-09-08\clickOnProductDetailsPage_1757307358142.png
]]></system-out>
  </testcase>
  <testcase name="testAddProductToCart" classname="tests.CartTest" time="0.84">
    <system-out><![CDATA[Screenshot saved: D:\screenshot\2025-09-08\addInvalidProduct_1757307368396.png
[DriverFactory] Quitting driver for thread: 1
[DriverFactory] Initializing ChromeDriver for thread: 1
]]></system-out>
    <system-err><![CDATA[Sept 08, 2025 10:26:10 AM org.openqa.selenium.devtools.CdpVersionFinder findNearestMatch
WARNING: Unable to find CDP implementation matching 140
Sept 08, 2025 10:26:10 AM org.openqa.selenium.chromium.ChromiumDriver lambda$new$5
WARNING: Unable to find version of CDP to use for 140.0.7339.80. You may need to include a dependency on a specific version of the CDP using something similar to `org.seleniumhq.selenium:selenium-devtools-v86:4.23.0` where the version ("v86") matches the version of the chromium-based browser you're using and the version number of the artifact is the same as Selenium's.
]]></system-err>
  </testcase>
  <testcase name="testRemoveProductFromCart" classname="tests.CartTest" time="10.751">
    <system-out><![CDATA[Screenshot saved: D:\screenshot\2025-09-08\testAddProductToCart_1757307372125.png
]]></system-out>
  </testcase>
  <testcase name="testContinueShopping" classname="tests.CartTest" time="0.104">
    <system-out><![CDATA[Screenshot saved: D:\screenshot\2025-09-08\testRemoveProductFromCart_1757307382988.png
]]></system-out>
  </testcase>
  <testcase name="testProceedToCheckout" classname="tests.CartTest" time="0.154">
    <system-out><![CDATA[Screenshot saved: D:\screenshot\2025-09-08\testContinueShopping_1757307383239.png
Current URL before checkout: https://www.saucedemo.com/checkout-step-one.html
]]></system-out>
  </testcase>
  <testcase name="navigateToCheckoutPage" classname="tests.CheckoutTest" time="0.064">
    <system-out><![CDATA[Screenshot saved: D:\screenshot\2025-09-08\testProceedToCheckout_1757307383502.png
[DriverFactory] Quitting driver for thread: 1
[DriverFactory] Initializing ChromeDriver for thread: 1
]]></system-out>
    <system-err><![CDATA[Sept 08, 2025 10:26:24 AM org.openqa.selenium.devtools.CdpVersionFinder findNearestMatch
WARNING: Unable to find CDP implementation matching 140
Sept 08, 2025 10:26:24 AM org.openqa.selenium.chromium.ChromiumDriver lambda$new$5
WARNING: Unable to find version of CDP to use for 140.0.7339.80. You may need to include a dependency on a specific version of the CDP using something similar to `org.seleniumhq.selenium:selenium-devtools-v86:4.23.0` where the version ("v86") matches the version of the chromium-based browser you're using and the version number of the artifact is the same as Selenium's.
]]></system-err>
  </testcase>
  <testcase name="checkoutWithMissingRequiredFields" classname="tests.CheckoutTest" time="0.383">
    <system-out><![CDATA[Screenshot saved: D:\screenshot\2025-09-08\navigateToCheckoutPage_1757307386645.png
]]></system-out>
  </testcase>
  <testcase name="checkoutWithValidInformation" classname="tests.CheckoutTest" time="0.436">
    <system-out><![CDATA[Screenshot saved: D:\screenshot\2025-09-08\checkoutWithMissingRequiredFields_1757307387188.png
]]></system-out>
  </testcase>
</testsuite>