<?xml version="1.0" encoding="UTF-8"?>
<!-- Generated by org.testng.reporters.JUnitReportReporter -->
<testsuite hostname="KiranPatil" failures="0" tests="3" name="tests.CheckoutTest" time="1.350" errors="0" timestamp="2025-09-09T11:30:02 IST" skipped="0">
  <testcase classname="tests.CheckoutTest" name="navigateToCheckoutPage" time="0.147"/>
  <testcase classname="tests.CheckoutTest" name="checkoutWithMissingRequiredFields" time="0.513"/>
  <testcase classname="tests.CheckoutTest" name="checkoutWithValidInformation" time="0.690"/>
</testsuite> <!-- tests.CheckoutTest -->
