<?xml version="1.0" encoding="UTF-8"?>
<!-- Generated by org.testng.reporters.JUnitReportReporter -->
<testsuite hostname="KiranPatil" failures="0" tests="25" name="runners.TestRunner" time="77.129" errors="0" timestamp="2025-09-07T14:49:25 IST" skipped="0">
  <testcase classname="runners.TestRunner" name="runScenario" time="2.500"/>
  <testcase classname="runners.TestRunner" name="runScenario" time="2.395"/>
  <testcase classname="runners.TestRunner" name="runScenario" time="2.510"/>
  <testcase classname="runners.TestRunner" name="runScenario" time="2.473"/>
  <testcase classname="runners.TestRunner" name="runScenario" time="2.280"/>
  <testcase classname="runners.TestRunner" name="runScenario" time="2.364"/>
  <testcase classname="runners.TestRunner" name="runScenario" time="2.426"/>
  <testcase classname="runners.TestRunner" name="runScenario" time="2.378"/>
  <testcase classname="runners.TestRunner" name="runScenario" time="2.383"/>
  <testcase classname="runners.TestRunner" name="runScenario" time="2.681"/>
  <testcase classname="runners.TestRunner" name="runScenario" time="4.496"/>
  <testcase classname="runners.TestRunner" name="runScenario" time="6.420"/>
  <testcase classname="runners.TestRunner" name="runScenario" time="2.275"/>
  <testcase classname="runners.TestRunner" name="runScenario" time="2.296"/>
  <testcase classname="runners.TestRunner" name="runScenario" time="12.452"/>
  <testcase classname="runners.TestRunner" name="runScenario" time="2.479"/>
  <testcase classname="runners.TestRunner" name="runScenario" time="2.480"/>
  <testcase classname="runners.TestRunner" name="runScenario" time="2.391"/>
  <testcase classname="runners.TestRunner" name="runScenario" time="2.585"/>
  <testcase classname="runners.TestRunner" name="runScenario" time="2.342"/>
  <testcase classname="runners.TestRunner" name="runScenario" time="2.463"/>
  <testcase classname="runners.TestRunner" name="runScenario" time="2.276"/>
  <testcase classname="runners.TestRunner" name="runScenario" time="2.466"/>
  <testcase classname="runners.TestRunner" name="runScenario" time="2.704"/>
  <testcase classname="runners.TestRunner" name="runScenario" time="2.614"/>
</testsuite> <!-- runners.TestRunner -->
