<?xml version="1.0" encoding="UTF-8"?>
<!-- Generated by org.testng.reporters.JUnitReportReporter -->
<testsuite hostname="KiranPatil" failures="0" tests="8" name="tests.LoginTest" time="4.795" errors="0" timestamp="2025-09-07T16:08:03 IST" skipped="0">
  <testcase classname="tests.LoginTest" name="testProblemUser" time="0.823"/>
  <testcase classname="tests.LoginTest" name="testEmptyUsername" time="0.951"/>
  <testcase classname="tests.LoginTest" name="testInvalidUsername" time="0.481"/>
  <testcase classname="tests.LoginTest" name="testEmptyPassword" time="0.478"/>
  <testcase classname="tests.LoginTest" name="testInvalidPassword" time="0.535"/>
  <testcase classname="tests.LoginTest" name="testEmptyUsernameAndPassword" time="0.443"/>
  <testcase classname="tests.LoginTest" name="testLockedOutUser" time="0.493"/>
  <testcase classname="tests.LoginTest" name="testValidLogin" time="0.591"/>
</testsuite> <!-- tests.LoginTest -->
