<?xml version="1.0" encoding="UTF-8"?>
<!-- Generated by org.testng.reporters.JUnitReportReporter -->
<testsuite hostname="KiranPatil" failures="0" tests="3" name="tests.CheckOutTest" time="1.683" errors="0" timestamp="2025-09-07T00:36:19 IST" skipped="0">
  <testcase classname="tests.CheckOutTest" name="TC020_navigateToCheckoutPage" time="0.142"/>
  <testcase classname="tests.CheckOutTest" name="TC022_checkoutWithMissingRequiredFields" time="0.740"/>
  <testcase classname="tests.CheckOutTest" name="TC021_checkoutWithValidInformation" time="0.801"/>
</testsuite> <!-- tests.CheckOutTest -->
