<?xml version="1.0" encoding="UTF-8"?>
<!-- Generated by org.testng.reporters.JUnitReportReporter -->
<testsuite hostname="KiranPatil" failures="0" tests="3" name="tests.CheckoutTest" time="1.225" errors="0" timestamp="2025-09-08T18:48:54 IST" skipped="0">
  <testcase classname="tests.CheckoutTest" name="navigateToCheckoutPage" time="0.135"/>
  <testcase classname="tests.CheckoutTest" name="checkoutWithMissingRequiredFields" time="0.509"/>
  <testcase classname="tests.CheckoutTest" name="checkoutWithValidInformation" time="0.581"/>
</testsuite> <!-- tests.CheckoutTest -->
