<?xml version="1.0" encoding="UTF-8"?>
<!-- Generated by org.testng.reporters.JUnitReportReporter -->
<testsuite hostname="KiranPatil" failures="0" tests="4" name="tests.CartTest" time="12.792" errors="0" timestamp="2025-09-07T16:08:03 IST" skipped="0">
  <testcase classname="tests.CartTest" name="testAddProductToCart" time="1.096"/>
  <testcase classname="tests.CartTest" name="testRemoveProductFromCart" time="10.893"/>
  <testcase classname="tests.CartTest" name="testContinueShopping" time="0.452"/>
  <testcase classname="tests.CartTest" name="testProceedToCheckout" time="0.351"/>
</testsuite> <!-- tests.CartTest -->
