<?xml version="1.0" encoding="UTF-8"?>
<!-- Generated by org.testng.reporters.JUnitReportReporter -->
<testsuite hostname="KiranPatil" failures="0" tests="7" name="tests.ProductTest" time="2.571" errors="0" timestamp="2025-09-08T19:26:04 IST" skipped="0">
  <testcase classname="tests.ProductTest" name="verifyProductListDisplay" time="0.613"/>
  <testcase classname="tests.ProductTest" name="sortByNameAToZ" time="0.411"/>
  <testcase classname="tests.ProductTest" name="sortByNameZToA" time="0.292"/>
  <testcase classname="tests.ProductTest" name="sortByPriceLowToHigh" time="0.340"/>
  <testcase classname="tests.ProductTest" name="sortByPriceHighToLow" time="0.289"/>
  <testcase classname="tests.ProductTest" name="addProductToCart" time="0.311"/>
  <testcase classname="tests.ProductTest" name="clickOnProductDetailsPage" time="0.315"/>
</testsuite> <!-- tests.ProductTest -->
