<?xml version="1.0" encoding="UTF-8"?>
<!-- Generated by org.testng.reporters.JUnitReportReporter -->
<testsuite hostname="KiranPatil" failures="0" tests="8" name="tests.ProductTest" time="12.531" errors="0" timestamp="2025-09-08T14:49:37 IST" skipped="0">
  <testcase classname="tests.ProductTest" name="verifyProductListDisplay" time="0.798"/>
  <testcase classname="tests.ProductTest" name="sortByNameAToZ" time="0.367"/>
  <testcase classname="tests.ProductTest" name="sortByNameZToA" time="0.286"/>
  <testcase classname="tests.ProductTest" name="sortByPriceLowToHigh" time="0.259"/>
  <testcase classname="tests.ProductTest" name="sortByPriceHighToLow" time="0.270"/>
  <testcase classname="tests.ProductTest" name="addProductToCart" time="0.251"/>
  <testcase classname="tests.ProductTest" name="clickOnProductDetailsPage" time="0.236"/>
  <testcase classname="tests.ProductTest" name="addInvalidProduct" time="10.064"/>
</testsuite> <!-- tests.ProductTest -->
