<?xml version="1.0" encoding="UTF-8"?>
<!-- Generated by org.testng.reporters.JUnitReportReporter -->
<testsuite hostname="KiranPatil" failures="0" tests="3" name="tests.CheckoutTest" time="1.050" errors="0" timestamp="2025-09-07T16:08:03 IST" skipped="0">
  <testcase classname="tests.CheckoutTest" name="TC020_navigateToCheckoutPage" time="0.101"/>
  <testcase classname="tests.CheckoutTest" name="TC022_checkoutWithMissingRequiredFields" time="0.449"/>
  <testcase classname="tests.CheckoutTest" name="TC021_checkoutWithValidInformation" time="0.500"/>
</testsuite> <!-- tests.CheckoutTest -->
