<?xml version="1.0" encoding="UTF-8"?>
<!-- Generated by org.testng.reporters.JUnitReportReporter -->
<testsuite hostname="KiranPatil" failures="0" tests="8" name="tests.ProductTest" time="14.121" errors="0" timestamp="2025-09-07T15:06:14 IST" skipped="0">
  <testcase classname="tests.ProductTest" name="verifyProductListDisplay" time="0.659"/>
  <testcase classname="tests.ProductTest" name="sortByNameAToZ" time="0.949"/>
  <testcase classname="tests.ProductTest" name="sortByNameZToA" time="0.525"/>
  <testcase classname="tests.ProductTest" name="sortByPriceLowToHigh" time="0.589"/>
  <testcase classname="tests.ProductTest" name="sortByPriceHighToLow" time="0.499"/>
  <testcase classname="tests.ProductTest" name="addProductToCart" time="0.416"/>
  <testcase classname="tests.ProductTest" name="clickOnProductDetailsPage" time="0.369"/>
  <testcase classname="tests.ProductTest" name="addInvalidProduct" time="10.115"/>
</testsuite> <!-- tests.ProductTest -->
