<?xml version="1.0" encoding="UTF-8"?>
<!-- Generated by org.testng.reporters.JUnitReportReporter -->
<testsuite hostname="KiranPatil" failures="0" tests="8" name="tests.ProductTest" time="12.915" errors="0" timestamp="2025-09-08T18:48:54 IST" skipped="0">
  <testcase classname="tests.ProductTest" name="verifyProductListDisplay" time="0.626"/>
  <testcase classname="tests.ProductTest" name="sortByNameAToZ" time="0.468"/>
  <testcase classname="tests.ProductTest" name="sortByNameZToA" time="0.341"/>
  <testcase classname="tests.ProductTest" name="sortByPriceLowToHigh" time="0.325"/>
  <testcase classname="tests.ProductTest" name="sortByPriceHighToLow" time="0.322"/>
  <testcase classname="tests.ProductTest" name="addProductToCart" time="0.341"/>
  <testcase classname="tests.ProductTest" name="clickOnProductDetailsPage" time="0.341"/>
  <testcase classname="tests.ProductTest" name="addInvalidProduct" time="10.151"/>
</testsuite> <!-- tests.ProductTest -->
