<?xml version="1.0" encoding="UTF-8"?>
<!-- Generated by org.testng.reporters.JUnitReportReporter -->
<testsuite hostname="KiranPatil" failures="0" tests="4" name="tests.CartTest" time="12.549" errors="0" timestamp="2025-09-07T15:06:14 IST" skipped="0">
  <testcase classname="tests.CartTest" name="testAddProductToCart" time="1.085"/>
  <testcase classname="tests.CartTest" name="testRemoveProductFromCart" time="10.849"/>
  <testcase classname="tests.CartTest" name="testContinueShopping" time="0.291"/>
  <testcase classname="tests.CartTest" name="testProceedToCheckout" time="0.324"/>
</testsuite> <!-- tests.CartTest -->
