<?xml version="1.0" encoding="UTF-8"?>
<!-- Generated by org.testng.reporters.JUnitReportReporter -->
<testsuite hostname="KiranPatil" failures="0" tests="8" name="tests.LoginTest" time="4.845" errors="0" timestamp="2025-09-08T14:49:37 IST" skipped="0">
  <testcase classname="tests.LoginTest" name="testProblemUser" time="0.793"/>
  <testcase classname="tests.LoginTest" name="testEmptyUsername" time="0.583"/>
  <testcase classname="tests.LoginTest" name="testInvalidUsername" time="0.562"/>
  <testcase classname="tests.LoginTest" name="testEmptyPassword" time="0.630"/>
  <testcase classname="tests.LoginTest" name="testInvalidPassword" time="0.551"/>
  <testcase classname="tests.LoginTest" name="testEmptyUsernameAndPassword" time="0.576"/>
  <testcase classname="tests.LoginTest" name="testValidLogin" time="0.616"/>
  <testcase classname="tests.LoginTest" name="testLockedOutUser" time="0.534"/>
</testsuite> <!-- tests.LoginTest -->
