<?xml version="1.0" encoding="UTF-8"?>
<!-- Generated by org.testng.reporters.JUnitReportReporter -->
<testsuite hostname="KiranPatil" failures="0" tests="8" name="tests.LoginTest" time="3.194" errors="0" timestamp="2025-09-07T11:59:15 IST" skipped="0">
  <testcase classname="tests.LoginTest" name="testProblemUser" time="0.625"/>
  <testcase classname="tests.LoginTest" name="testEmptyUsername" time="0.386"/>
  <testcase classname="tests.LoginTest" name="testInvalidUsername" time="0.375"/>
  <testcase classname="tests.LoginTest" name="testEmptyPassword" time="0.355"/>
  <testcase classname="tests.LoginTest" name="testInvalidPassword" time="0.438"/>
  <testcase classname="tests.LoginTest" name="testEmptyUsernameAndPassword" time="0.335"/>
  <testcase classname="tests.LoginTest" name="testValidLogin" time="0.317"/>
  <testcase classname="tests.LoginTest" name="testLockedOutUser" time="0.363"/>
</testsuite> <!-- tests.LoginTest -->
