<?xml version="1.0" encoding="UTF-8"?>
<!-- Generated by org.testng.reporters.JUnitReportReporter -->
<testsuite hostname="KiranPatil" failures="0" tests="8" name="TestRunner.TestRunner" time="23.546" errors="0" timestamp="2025-09-04T16:11:34 IST" skipped="0">
  <testcase classname="TestRunner.TestRunner" name="runScenario" time="2.790"/>
  <testcase classname="TestRunner.TestRunner" name="runScenario" time="3.890"/>
  <testcase classname="TestRunner.TestRunner" name="runScenario" time="2.928"/>
  <testcase classname="TestRunner.TestRunner" name="runScenario" time="2.734"/>
  <testcase classname="TestRunner.TestRunner" name="runScenario" time="2.859"/>
  <testcase classname="TestRunner.TestRunner" name="runScenario" time="2.735"/>
  <testcase classname="TestRunner.TestRunner" name="runScenario" time="2.754"/>
  <testcase classname="TestRunner.TestRunner" name="runScenario" time="2.856"/>
</testsuite> <!-- TestRunner.TestRunner -->
