<?xml version="1.0" encoding="UTF-8"?>
<!-- Generated by org.testng.reporters.JUnitReportReporter -->
<testsuite hostname="KiranPatil" failures="0" tests="8" name="tests.ProductTest" time="9.494" errors="0" timestamp="2025-09-07T00:36:19 IST" skipped="0">
  <testcase classname="tests.ProductTest" name="TC009_TC010_verifyProductListDisplay" time="2.671"/>
  <testcase classname="tests.ProductTest" name="TC011_sortByNameAToZ" time="0.499"/>
  <testcase classname="tests.ProductTest" name="TC011_sortByNameZToA" time="0.433"/>
  <testcase classname="tests.ProductTest" name="TC011_sortByPriceLowToHigh" time="0.457"/>
  <testcase classname="tests.ProductTest" name="TC011_sortByPriceHighToLow" time="0.530"/>
  <testcase classname="tests.ProductTest" name="TC012_addProductToCart" time="0.466"/>
  <testcase classname="tests.ProductTest" name="TC015_clickOnProductDetailsPage" time="4.314"/>
  <testcase classname="tests.ProductTest" name="TC016_addInvalidProduct" time="0.124"/>
</testsuite> <!-- tests.ProductTest -->
