<?xml version="1.0" encoding="UTF-8"?>
<!-- Generated by org.testng.reporters.JUnitReportReporter -->
<testsuite hostname="KiranPatil" failures="0" tests="8" name="tests.LoginTest" time="4.312" errors="0" timestamp="2025-09-09T11:30:02 IST" skipped="0">
  <testcase classname="tests.LoginTest" name="testProblemUser" time="0.638"/>
  <testcase classname="tests.LoginTest" name="testEmptyUsername" time="0.592"/>
  <testcase classname="tests.LoginTest" name="testInvalidUsername" time="0.547"/>
  <testcase classname="tests.LoginTest" name="testEmptyPassword" time="0.475"/>
  <testcase classname="tests.LoginTest" name="testInvalidPassword" time="0.541"/>
  <testcase classname="tests.LoginTest" name="testEmptyUsernameAndPassword" time="0.551"/>
  <testcase classname="tests.LoginTest" name="testValidLogin" time="0.452"/>
  <testcase classname="tests.LoginTest" name="testLockedOutUser" time="0.516"/>
</testsuite> <!-- tests.LoginTest -->
