<?xml version="1.0" encoding="UTF-8"?>
<!-- Generated by org.testng.reporters.JUnitReportReporter -->
<testsuite hostname="KiranPatil" failures="0" tests="28" name="runners.TestRunner" time="105.420" errors="0" timestamp="2025-09-09T11:26:23 IST" skipped="0">
  <testcase classname="runners.TestRunner" name="runScenario" time="3.065"/>
  <testcase classname="runners.TestRunner" name="runScenario" time="3.617"/>
  <testcase classname="runners.TestRunner" name="runScenario" time="14.050"/>
  <testcase classname="runners.TestRunner" name="runScenario" time="3.302"/>
  <testcase classname="runners.TestRunner" name="runScenario" time="3.740"/>
  <testcase classname="runners.TestRunner" name="runScenario" time="3.074"/>
  <testcase classname="runners.TestRunner" name="runScenario" time="3.032"/>
  <testcase classname="runners.TestRunner" name="runScenario" time="3.072"/>
  <testcase classname="runners.TestRunner" name="runScenario" time="3.896"/>
  <testcase classname="runners.TestRunner" name="runScenario" time="3.434"/>
  <testcase classname="runners.TestRunner" name="runScenario" time="3.475"/>
  <testcase classname="runners.TestRunner" name="runScenario" time="3.147"/>
  <testcase classname="runners.TestRunner" name="runScenario" time="3.087"/>
  <testcase classname="runners.TestRunner" name="runScenario" time="2.771"/>
  <testcase classname="runners.TestRunner" name="runScenario" time="4.444"/>
  <testcase classname="runners.TestRunner" name="runScenario" time="6.914"/>
  <testcase classname="runners.TestRunner" name="runScenario" time="3.070"/>
  <testcase classname="runners.TestRunner" name="runScenario" time="2.913"/>
  <testcase classname="runners.TestRunner" name="runScenario" time="3.294"/>
  <testcase classname="runners.TestRunner" name="runScenario" time="2.764"/>
  <testcase classname="runners.TestRunner" name="runScenario" time="2.820"/>
  <testcase classname="runners.TestRunner" name="runScenario" time="2.726"/>
  <testcase classname="runners.TestRunner" name="runScenario" time="2.823"/>
  <testcase classname="runners.TestRunner" name="runScenario" time="3.255"/>
  <testcase classname="runners.TestRunner" name="runScenario" time="4.023"/>
  <testcase classname="runners.TestRunner" name="runScenario" time="3.034"/>
  <testcase classname="runners.TestRunner" name="runScenario" time="2.817"/>
  <testcase classname="runners.TestRunner" name="runScenario" time="3.761"/>
</testsuite> <!-- runners.TestRunner -->
