<?xml version="1.0" encoding="UTF-8"?>
<!-- Generated by org.testng.reporters.JUnitReportReporter -->
<testsuite hostname="KiranPatil" failures="0" tests="25" name="runners.TestRunner" time="104.089" errors="0" timestamp="2025-09-07T09:26:29 IST" skipped="0">
  <testcase classname="runners.TestRunner" name="runScenario" time="3.166"/>
  <testcase classname="runners.TestRunner" name="runScenario" time="3.145"/>
  <testcase classname="runners.TestRunner" name="runScenario" time="4.240"/>
  <testcase classname="runners.TestRunner" name="runScenario" time="3.663"/>
  <testcase classname="runners.TestRunner" name="runScenario" time="3.809"/>
  <testcase classname="runners.TestRunner" name="runScenario" time="3.542"/>
  <testcase classname="runners.TestRunner" name="runScenario" time="3.529"/>
  <testcase classname="runners.TestRunner" name="runScenario" time="3.885"/>
  <testcase classname="runners.TestRunner" name="runScenario" time="3.442"/>
  <testcase classname="runners.TestRunner" name="runScenario" time="3.898"/>
  <testcase classname="runners.TestRunner" name="runScenario" time="3.697"/>
  <testcase classname="runners.TestRunner" name="runScenario" time="3.353"/>
  <testcase classname="runners.TestRunner" name="runScenario" time="3.929"/>
  <testcase classname="runners.TestRunner" name="runScenario" time="3.761"/>
  <testcase classname="runners.TestRunner" name="runScenario" time="3.472"/>
  <testcase classname="runners.TestRunner" name="runScenario" time="13.027"/>
  <testcase classname="runners.TestRunner" name="runScenario" time="4.463"/>
  <testcase classname="runners.TestRunner" name="runScenario" time="3.563"/>
  <testcase classname="runners.TestRunner" name="runScenario" time="4.277"/>
  <testcase classname="runners.TestRunner" name="runScenario" time="3.318"/>
  <testcase classname="runners.TestRunner" name="runScenario" time="4.041"/>
  <testcase classname="runners.TestRunner" name="runScenario" time="7.318"/>
  <testcase classname="runners.TestRunner" name="runScenario" time="3.473"/>
  <testcase classname="runners.TestRunner" name="runScenario" time="3.107"/>
  <testcase classname="runners.TestRunner" name="runScenario" time="2.971"/>
</testsuite> <!-- runners.TestRunner -->
