<?xml version="1.0" encoding="UTF-8"?>
<!-- Generated by org.testng.reporters.JUnitReportReporter -->
<testsuite hostname="KiranPatil" failures="0" tests="4" name="tests.CartTest" time="0.985" errors="0" timestamp="2025-09-07T00:36:19 IST" skipped="0">
  <testcase classname="tests.CartTest" name="testAddProductToCart" time="0.264"/>
  <testcase classname="tests.CartTest" name="testRemoveProductFromCart" time="0.266"/>
  <testcase classname="tests.CartTest" name="testContinueShopping" time="0.199"/>
  <testcase classname="tests.CartTest" name="testProceedToCheckout" time="0.256"/>
</testsuite> <!-- tests.CartTest -->
