<?xml version="1.0" encoding="UTF-8"?>
<!-- Generated by org.testng.reporters.JUnitReportReporter -->
<testsuite hostname="KiranPatil" failures="0" tests="8" name="tests.ProductTest" time="9.272" errors="0" timestamp="2025-09-07T11:59:15 IST" skipped="0">
  <testcase classname="tests.ProductTest" name="TC009_TC010_verifyProductListDisplay" time="2.651"/>
  <testcase classname="tests.ProductTest" name="TC011_sortByNameAToZ" time="0.665"/>
  <testcase classname="tests.ProductTest" name="TC011_sortByNameZToA" time="0.374"/>
  <testcase classname="tests.ProductTest" name="TC011_sortByPriceLowToHigh" time="0.382"/>
  <testcase classname="tests.ProductTest" name="TC011_sortByPriceHighToLow" time="0.401"/>
  <testcase classname="tests.ProductTest" name="TC012_addProductToCart" time="0.338"/>
  <testcase classname="tests.ProductTest" name="TC015_clickOnProductDetailsPage" time="4.336"/>
  <testcase classname="tests.ProductTest" name="TC016_addInvalidProduct" time="0.125"/>
</testsuite> <!-- tests.ProductTest -->
