<?xml version="1.0" encoding="UTF-8"?>
<!-- Generated by org.testng.reporters.JUnitReportReporter -->
<testsuite hostname="KiranPatil" failures="0" tests="25" name="runners.TestRunner" time="82.444" errors="0" timestamp="2025-09-07T00:01:29 IST" skipped="0">
  <testcase classname="runners.TestRunner" name="runScenario" time="2.603"/>
  <testcase classname="runners.TestRunner" name="runScenario" time="2.547"/>
  <testcase classname="runners.TestRunner" name="runScenario" time="2.481"/>
  <testcase classname="runners.TestRunner" name="runScenario" time="2.520"/>
  <testcase classname="runners.TestRunner" name="runScenario" time="2.718"/>
  <testcase classname="runners.TestRunner" name="runScenario" time="2.729"/>
  <testcase classname="runners.TestRunner" name="runScenario" time="2.599"/>
  <testcase classname="runners.TestRunner" name="runScenario" time="2.696"/>
  <testcase classname="runners.TestRunner" name="runScenario" time="2.607"/>
  <testcase classname="runners.TestRunner" name="runScenario" time="2.713"/>
  <testcase classname="runners.TestRunner" name="runScenario" time="2.705"/>
  <testcase classname="runners.TestRunner" name="runScenario" time="2.565"/>
  <testcase classname="runners.TestRunner" name="runScenario" time="2.781"/>
  <testcase classname="runners.TestRunner" name="runScenario" time="2.966"/>
  <testcase classname="runners.TestRunner" name="runScenario" time="2.569"/>
  <testcase classname="runners.TestRunner" name="runScenario" time="2.602"/>
  <testcase classname="runners.TestRunner" name="runScenario" time="12.758"/>
  <testcase classname="runners.TestRunner" name="runScenario" time="2.736"/>
  <testcase classname="runners.TestRunner" name="runScenario" time="2.919"/>
  <testcase classname="runners.TestRunner" name="runScenario" time="2.776"/>
  <testcase classname="runners.TestRunner" name="runScenario" time="2.686"/>
  <testcase classname="runners.TestRunner" name="runScenario" time="7.523"/>
  <testcase classname="runners.TestRunner" name="runScenario" time="2.677"/>
  <testcase classname="runners.TestRunner" name="runScenario" time="3.417"/>
  <testcase classname="runners.TestRunner" name="runScenario" time="2.551"/>
</testsuite> <!-- runners.TestRunner -->
