<?xml version="1.0" encoding="UTF-8"?>
<!-- Generated by org.testng.reporters.JUnitReportReporter -->
<testsuite hostname="KiranPatil" failures="0" tests="8" name="tests.LoginTest" time="4.937" errors="0" timestamp="2025-09-08T18:48:54 IST" skipped="0">
  <testcase classname="tests.LoginTest" name="testProblemUser" time="0.666"/>
  <testcase classname="tests.LoginTest" name="testEmptyUsername" time="0.532"/>
  <testcase classname="tests.LoginTest" name="testInvalidUsername" time="0.677"/>
  <testcase classname="tests.LoginTest" name="testEmptyPassword" time="0.623"/>
  <testcase classname="tests.LoginTest" name="testInvalidPassword" time="0.640"/>
  <testcase classname="tests.LoginTest" name="testEmptyUsernameAndPassword" time="0.592"/>
  <testcase classname="tests.LoginTest" name="testValidLogin" time="0.536"/>
  <testcase classname="tests.LoginTest" name="testLockedOutUser" time="0.671"/>
</testsuite> <!-- tests.LoginTest -->
