<?xml version="1.0" encoding="UTF-8"?>
<!-- Generated by org.testng.reporters.JUnitReportReporter -->
<testsuite hostname="KiranPatil" failures="0" tests="8" name="tests.LoginTest" time="3.459" errors="0" timestamp="2025-09-07T00:36:19 IST" skipped="0">
  <testcase classname="tests.LoginTest" name="testProblemUser" time="0.795"/>
  <testcase classname="tests.LoginTest" name="testEmptyUsername" time="0.478"/>
  <testcase classname="tests.LoginTest" name="testInvalidUsername" time="0.379"/>
  <testcase classname="tests.LoginTest" name="testEmptyPassword" time="0.377"/>
  <testcase classname="tests.LoginTest" name="testInvalidPassword" time="0.437"/>
  <testcase classname="tests.LoginTest" name="testEmptyUsernameAndPassword" time="0.333"/>
  <testcase classname="tests.LoginTest" name="testLockedOutUser" time="0.322"/>
  <testcase classname="tests.LoginTest" name="testValidLogin" time="0.338"/>
</testsuite> <!-- tests.LoginTest -->
