<?xml version="1.0" encoding="UTF-8"?>
<!-- Generated by org.testng.reporters.JUnitReportReporter -->
<testsuite hostname="KiranPatil" failures="0" tests="8" name="tests.ProductTest" time="12.210" errors="0" timestamp="2025-09-08T10:25:15 IST" skipped="0">
  <testcase classname="tests.ProductTest" name="verifyProductListDisplay" time="0.528"/>
  <testcase classname="tests.ProductTest" name="sortByNameAToZ" time="0.279"/>
  <testcase classname="tests.ProductTest" name="sortByNameZToA" time="0.240"/>
  <testcase classname="tests.ProductTest" name="sortByPriceLowToHigh" time="0.520"/>
  <testcase classname="tests.ProductTest" name="sortByPriceHighToLow" time="0.201"/>
  <testcase classname="tests.ProductTest" name="addProductToCart" time="0.185"/>
  <testcase classname="tests.ProductTest" name="clickOnProductDetailsPage" time="0.200"/>
  <testcase classname="tests.ProductTest" name="addInvalidProduct" time="10.057"/>
</testsuite> <!-- tests.ProductTest -->
