<?xml version="1.0" encoding="UTF-8"?>
<!-- Generated by org.testng.reporters.JUnitReportReporter -->
<testsuite hostname="KiranPatil" failures="0" tests="7" name="tests.ProductTest" time="2.013" errors="0" timestamp="2025-09-09T11:30:02 IST" skipped="0">
  <testcase classname="tests.ProductTest" name="verifyProductListDisplay" time="0.571"/>
  <testcase classname="tests.ProductTest" name="sortByNameAToZ" time="0.311"/>
  <testcase classname="tests.ProductTest" name="sortByNameZToA" time="0.254"/>
  <testcase classname="tests.ProductTest" name="sortByPriceLowToHigh" time="0.236"/>
  <testcase classname="tests.ProductTest" name="sortByPriceHighToLow" time="0.222"/>
  <testcase classname="tests.ProductTest" name="addProductToCart" time="0.194"/>
  <testcase classname="tests.ProductTest" name="clickOnProductDetailsPage" time="0.225"/>
</testsuite> <!-- tests.ProductTest -->
