<?xml version="1.0" encoding="UTF-8"?>
<!-- Generated by org.testng.reporters.JUnitReportReporter -->
<testsuite hostname="KiranPatil" failures="0" tests="8" name="tests.LoginTest" time="5.231" errors="0" timestamp="2025-09-07T09:32:08 IST" skipped="0">
  <testcase classname="tests.LoginTest" name="testProblemUser" time="0.785"/>
  <testcase classname="tests.LoginTest" name="testEmptyUsername" time="0.548"/>
  <testcase classname="tests.LoginTest" name="testInvalidUsername" time="0.635"/>
  <testcase classname="tests.LoginTest" name="testEmptyPassword" time="0.688"/>
  <testcase classname="tests.LoginTest" name="testInvalidPassword" time="0.729"/>
  <testcase classname="tests.LoginTest" name="testEmptyUsernameAndPassword" time="0.591"/>
  <testcase classname="tests.LoginTest" name="testLockedOutUser" time="0.639"/>
  <testcase classname="tests.LoginTest" name="testValidLogin" time="0.616"/>
</testsuite> <!-- tests.LoginTest -->
