<?xml version="1.0" encoding="UTF-8"?>
<!-- Generated by org.testng.reporters.JUnitReportReporter -->
<testsuite hostname="KiranPatil" failures="0" tests="8" name="tests.LoginTest" time="5.319" errors="0" timestamp="2025-09-08T10:25:15 IST" skipped="0">
  <testcase classname="tests.LoginTest" name="testProblemUser" time="0.979"/>
  <testcase classname="tests.LoginTest" name="testEmptyUsername" time="0.593"/>
  <testcase classname="tests.LoginTest" name="testInvalidUsername" time="0.617"/>
  <testcase classname="tests.LoginTest" name="testEmptyPassword" time="0.583"/>
  <testcase classname="tests.LoginTest" name="testInvalidPassword" time="0.578"/>
  <testcase classname="tests.LoginTest" name="testEmptyUsernameAndPassword" time="0.655"/>
  <testcase classname="tests.LoginTest" name="testValidLogin" time="0.665"/>
  <testcase classname="tests.LoginTest" name="testLockedOutUser" time="0.649"/>
</testsuite> <!-- tests.LoginTest -->
