<?xml version="1.0" encoding="UTF-8"?>
<!-- Generated by org.testng.reporters.JUnitReportReporter -->
<testsuite hostname="KiranPatil" failures="0" tests="3" name="tests.CheckoutTest" time="1.096" errors="0" timestamp="2025-09-08T14:49:37 IST" skipped="0">
  <testcase classname="tests.CheckoutTest" name="navigateToCheckoutPage" time="0.122"/>
  <testcase classname="tests.CheckoutTest" name="checkoutWithMissingRequiredFields" time="0.497"/>
  <testcase classname="tests.CheckoutTest" name="checkoutWithValidInformation" time="0.477"/>
</testsuite> <!-- tests.CheckoutTest -->
