<?xml version="1.0" encoding="UTF-8"?>
<!-- Generated by org.testng.reporters.JUnitReportReporter -->
<testsuite hostname="KiranPatil" failures="0" tests="4" name="tests.CartTest" time="11.670" errors="0" timestamp="2025-09-09T11:30:02 IST" skipped="0">
  <testcase classname="tests.CartTest" name="testAddProductToCart" time="0.734"/>
  <testcase classname="tests.CartTest" name="testRemoveProductFromCart" time="10.707"/>
  <testcase classname="tests.CartTest" name="testContinueShopping" time="0.093"/>
  <testcase classname="tests.CartTest" name="testProceedToCheckout" time="0.136"/>
</testsuite> <!-- tests.CartTest -->
