<?xml version="1.0" encoding="UTF-8"?>
<!-- Generated by org.testng.reporters.JUnitReportReporter -->
<testsuite hostname="KiranPatil" failures="0" tests="28" name="runners.TestRunner" time="95.828" errors="0" timestamp="2025-09-08T10:28:18 IST" skipped="0">
  <testcase classname="runners.TestRunner" name="runScenario" time="2.839"/>
  <testcase classname="runners.TestRunner" name="runScenario" time="3.094"/>
  <testcase classname="runners.TestRunner" name="runScenario" time="3.270"/>
  <testcase classname="runners.TestRunner" name="runScenario" time="3.565"/>
  <testcase classname="runners.TestRunner" name="runScenario" time="3.308"/>
  <testcase classname="runners.TestRunner" name="runScenario" time="2.959"/>
  <testcase classname="runners.TestRunner" name="runScenario" time="13.193"/>
  <testcase classname="runners.TestRunner" name="runScenario" time="3.244"/>
  <testcase classname="runners.TestRunner" name="runScenario" time="3.052"/>
  <testcase classname="runners.TestRunner" name="runScenario" time="2.831"/>
  <testcase classname="runners.TestRunner" name="runScenario" time="3.141"/>
  <testcase classname="runners.TestRunner" name="runScenario" time="2.675"/>
  <testcase classname="runners.TestRunner" name="runScenario" time="2.764"/>
  <testcase classname="runners.TestRunner" name="runScenario" time="2.659"/>
  <testcase classname="runners.TestRunner" name="runScenario" time="2.728"/>
  <testcase classname="runners.TestRunner" name="runScenario" time="3.720"/>
  <testcase classname="runners.TestRunner" name="runScenario" time="2.798"/>
  <testcase classname="runners.TestRunner" name="runScenario" time="2.861"/>
  <testcase classname="runners.TestRunner" name="runScenario" time="3.156"/>
  <testcase classname="runners.TestRunner" name="runScenario" time="3.328"/>
  <testcase classname="runners.TestRunner" name="runScenario" time="2.556"/>
  <testcase classname="runners.TestRunner" name="runScenario" time="2.783"/>
  <testcase classname="runners.TestRunner" name="runScenario" time="3.102"/>
  <testcase classname="runners.TestRunner" name="runScenario" time="3.061"/>
  <testcase classname="runners.TestRunner" name="runScenario" time="3.261"/>
  <testcase classname="runners.TestRunner" name="runScenario" time="3.593"/>
  <testcase classname="runners.TestRunner" name="runScenario" time="2.801"/>
  <testcase classname="runners.TestRunner" name="runScenario" time="3.486"/>
</testsuite> <!-- runners.TestRunner -->
