<?xml version="1.0" encoding="UTF-8"?>
<!-- Generated by org.testng.reporters.JUnitReportReporter -->
<testsuite hostname="KiranPatil" failures="0" tests="4" name="tests.CartTest" time="1.066" errors="0" timestamp="2025-09-07T11:59:15 IST" skipped="0">
  <testcase classname="tests.CartTest" name="testAddProductToCart" time="0.327"/>
  <testcase classname="tests.CartTest" name="testRemoveProductFromCart" time="0.274"/>
  <testcase classname="tests.CartTest" name="testContinueShopping" time="0.199"/>
  <testcase classname="tests.CartTest" name="testProceedToCheckout" time="0.266"/>
</testsuite> <!-- tests.CartTest -->
