<?xml version="1.0" encoding="UTF-8"?>
<!-- Generated by org.testng.reporters.JUnitReportReporter -->
<testsuite hostname="KiranPatil" failures="0" tests="8" name="tests.ProductTest" time="10.577" errors="0" timestamp="2025-09-07T09:32:08 IST" skipped="0">
  <testcase classname="tests.ProductTest" name="TC009_TC010_verifyProductListDisplay" time="3.099"/>
  <testcase classname="tests.ProductTest" name="TC011_sortByNameAToZ" time="0.602"/>
  <testcase classname="tests.ProductTest" name="TC011_sortByNameZToA" time="0.551"/>
  <testcase classname="tests.ProductTest" name="TC011_sortByPriceLowToHigh" time="0.466"/>
  <testcase classname="tests.ProductTest" name="TC011_sortByPriceHighToLow" time="0.503"/>
  <testcase classname="tests.ProductTest" name="TC012_addProductToCart" time="0.723"/>
  <testcase classname="tests.ProductTest" name="TC015_clickOnProductDetailsPage" time="4.490"/>
  <testcase classname="tests.ProductTest" name="TC016_addInvalidProduct" time="0.143"/>
</testsuite> <!-- tests.ProductTest -->
