<?xml version="1.0" encoding="UTF-8"?>
<!-- Generated by org.testng.reporters.JUnitReportReporter -->
<testsuite hostname="KiranPatil" failures="0" tests="3" name="tests.CheckOutTest" time="1.923" errors="0" timestamp="2025-09-07T09:32:08 IST" skipped="0">
  <testcase classname="tests.CheckOutTest" name="TC020_navigateToCheckoutPage" time="0.137"/>
  <testcase classname="tests.CheckOutTest" name="TC022_checkoutWithMissingRequiredFields" time="1.068"/>
  <testcase classname="tests.CheckOutTest" name="TC021_checkoutWithValidInformation" time="0.718"/>
</testsuite> <!-- tests.CheckOutTest -->
