<?xml version="1.0" encoding="UTF-8"?>
<!-- Generated by org.testng.reporters.JUnitReportReporter -->
<testsuite hostname="KiranPatil" failures="0" tests="3" name="tests.CheckoutTest" time="1.004" errors="0" timestamp="2025-09-07T15:06:14 IST" skipped="0">
  <testcase classname="tests.CheckoutTest" name="TC020_navigateToCheckoutPage" time="0.084"/>
  <testcase classname="tests.CheckoutTest" name="TC022_checkoutWithMissingRequiredFields" time="0.431"/>
  <testcase classname="tests.CheckoutTest" name="TC021_checkoutWithValidInformation" time="0.489"/>
</testsuite> <!-- tests.CheckoutTest -->
