<?xml version="1.0" encoding="UTF-8"?>
<!-- Generated by org.testng.reporters.JUnitReportReporter -->
<testsuite hostname="KiranPatil" failures="0" tests="4" name="tests.CartTest" time="11.701" errors="0" timestamp="2025-09-09T13:16:41 IST" skipped="0">
  <testcase classname="tests.CartTest" name="testAddProductToCart" time="0.819"/>
  <testcase classname="tests.CartTest" name="testRemoveProductFromCart" time="10.679"/>
  <testcase classname="tests.CartTest" name="testContinueShopping" time="0.077"/>
  <testcase classname="tests.CartTest" name="testProceedToCheckout" time="0.126"/>
</testsuite> <!-- tests.CartTest -->
