<?xml version="1.0" encoding="UTF-8"?>
<!-- Generated by org.testng.reporters.JUnitReportReporter -->
<testsuite hostname="KiranPatil" failures="0" tests="8" name="tests.LoginTest" time="5.375" errors="0" timestamp="2025-09-09T12:57:06 IST" skipped="0">
  <testcase classname="tests.LoginTest" name="testProblemUser" time="1.508"/>
  <testcase classname="tests.LoginTest" name="testEmptyUsername" time="0.592"/>
  <testcase classname="tests.LoginTest" name="testInvalidUsername" time="0.625"/>
  <testcase classname="tests.LoginTest" name="testEmptyPassword" time="0.489"/>
  <testcase classname="tests.LoginTest" name="testInvalidPassword" time="0.584"/>
  <testcase classname="tests.LoginTest" name="testEmptyUsernameAndPassword" time="0.530"/>
  <testcase classname="tests.LoginTest" name="testValidLogin" time="0.462"/>
  <testcase classname="tests.LoginTest" name="testLockedOutUser" time="0.585"/>
</testsuite> <!-- tests.LoginTest -->
