<?xml version="1.0" encoding="UTF-8"?>
<!-- Generated by org.testng.reporters.JUnitReportReporter -->
<testsuite hostname="KiranPatil" failures="0" tests="8" name="tests.LoginTest" time="5.185" errors="0" timestamp="2025-09-07T15:15:39 IST" skipped="0">
  <testcase classname="tests.LoginTest" name="testProblemUser" time="0.948"/>
  <testcase classname="tests.LoginTest" name="testEmptyUsername" time="0.653"/>
  <testcase classname="tests.LoginTest" name="testInvalidUsername" time="0.527"/>
  <testcase classname="tests.LoginTest" name="testEmptyPassword" time="0.547"/>
  <testcase classname="tests.LoginTest" name="testInvalidPassword" time="0.575"/>
  <testcase classname="tests.LoginTest" name="testEmptyUsernameAndPassword" time="0.457"/>
  <testcase classname="tests.LoginTest" name="testValidLogin" time="0.580"/>
  <testcase classname="tests.LoginTest" name="testLockedOutUser" time="0.898"/>
</testsuite> <!-- tests.LoginTest -->
