<?xml version="1.0" encoding="UTF-8"?>
<!-- Generated by org.testng.reporters.JUnitReportReporter -->
<testsuite hostname="KiranPatil" failures="0" tests="4" name="tests.CartTest" time="12.406" errors="0" timestamp="2025-09-09T09:43:54 IST" skipped="0">
  <testcase classname="tests.CartTest" name="testAddProductToCart" time="0.793"/>
  <testcase classname="tests.CartTest" name="testRemoveProductFromCart" time="10.889"/>
  <testcase classname="tests.CartTest" name="testContinueShopping" time="0.241"/>
  <testcase classname="tests.CartTest" name="testProceedToCheckout" time="0.483"/>
</testsuite> <!-- tests.CartTest -->
