<?xml version="1.0" encoding="UTF-8"?>
<!-- Generated by org.testng.reporters.JUnitReportReporter -->
<testsuite hostname="KiranPatil" failures="0" tests="8" name="tests.ProductTest" time="13.625" errors="0" timestamp="2025-09-07T15:15:39 IST" skipped="0">
  <testcase classname="tests.ProductTest" name="verifyProductListDisplay" time="0.733"/>
  <testcase classname="tests.ProductTest" name="sortByNameAToZ" time="0.565"/>
  <testcase classname="tests.ProductTest" name="sortByNameZToA" time="0.426"/>
  <testcase classname="tests.ProductTest" name="sortByPriceLowToHigh" time="0.450"/>
  <testcase classname="tests.ProductTest" name="sortByPriceHighToLow" time="0.518"/>
  <testcase classname="tests.ProductTest" name="addProductToCart" time="0.476"/>
  <testcase classname="tests.ProductTest" name="clickOnProductDetailsPage" time="0.394"/>
  <testcase classname="tests.ProductTest" name="addInvalidProduct" time="10.063"/>
</testsuite> <!-- tests.ProductTest -->
