<?xml version="1.0" encoding="UTF-8"?>
<!-- Generated by org.testng.reporters.JUnitReportReporter -->
<testsuite hostname="KiranPatil" failures="0" tests="8" name="tests.LoginTest" time="10.022" errors="0" timestamp="2025-09-09T10:25:25 IST" skipped="0">
  <testcase classname="tests.LoginTest" name="testProblemUser" time="1.500"/>
  <testcase classname="tests.LoginTest" name="testEmptyUsername" time="1.414"/>
  <testcase classname="tests.LoginTest" name="testInvalidUsername" time="1.692"/>
  <testcase classname="tests.LoginTest" name="testEmptyPassword" time="0.763"/>
  <testcase classname="tests.LoginTest" name="testInvalidPassword" time="0.780"/>
  <testcase classname="tests.LoginTest" name="testEmptyUsernameAndPassword" time="0.819"/>
  <testcase classname="tests.LoginTest" name="testValidLogin" time="2.066"/>
  <testcase classname="tests.LoginTest" name="testLockedOutUser" time="0.988"/>
</testsuite> <!-- tests.LoginTest -->
