<?xml version="1.0" encoding="UTF-8"?>
<!-- Generated by org.testng.reporters.JUnitReportReporter -->
<testsuite hostname="KiranPatil" failures="0" tests="7" name="tests.ProductTest" time="2.372" errors="0" timestamp="2025-09-09T12:50:59 IST" skipped="0">
  <testcase classname="tests.ProductTest" name="verifyProductListDisplay" time="0.632"/>
  <testcase classname="tests.ProductTest" name="sortByNameAToZ" time="0.265"/>
  <testcase classname="tests.ProductTest" name="sortByNameZToA" time="0.306"/>
  <testcase classname="tests.ProductTest" name="sortByPriceLowToHigh" time="0.298"/>
  <testcase classname="tests.ProductTest" name="sortByPriceHighToLow" time="0.492"/>
  <testcase classname="tests.ProductTest" name="addProductToCart" time="0.200"/>
  <testcase classname="tests.ProductTest" name="clickOnProductDetailsPage" time="0.179"/>
</testsuite> <!-- tests.ProductTest -->
