<?xml version="1.0" encoding="UTF-8"?>
<!-- Generated by org.testng.reporters.JUnitReportReporter -->
<testsuite hostname="KiranPatil" failures="0" tests="7" name="tests.ProductTest" time="3.644" errors="0" timestamp="2025-09-09T09:53:36 IST" skipped="0">
  <testcase classname="tests.ProductTest" name="verifyProductListDisplay" time="0.856"/>
  <testcase classname="tests.ProductTest" name="sortByNameAToZ" time="0.578"/>
  <testcase classname="tests.ProductTest" name="sortByNameZToA" time="0.508"/>
  <testcase classname="tests.ProductTest" name="sortByPriceLowToHigh" time="0.467"/>
  <testcase classname="tests.ProductTest" name="sortByPriceHighToLow" time="0.399"/>
  <testcase classname="tests.ProductTest" name="addProductToCart" time="0.435"/>
  <testcase classname="tests.ProductTest" name="clickOnProductDetailsPage" time="0.401"/>
</testsuite> <!-- tests.ProductTest -->
