<?xml version="1.0" encoding="UTF-8"?>
<!-- Generated by org.testng.reporters.JUnitReportReporter -->
<testsuite hostname="KiranPatil" failures="0" tests="3" name="tests.CheckoutTest" time="1.360" errors="0" timestamp="2025-09-09T12:45:00 IST" skipped="0">
  <testcase classname="tests.CheckoutTest" name="navigateToCheckoutPage" time="0.120"/>
  <testcase classname="tests.CheckoutTest" name="checkoutWithMissingRequiredFields" time="0.467"/>
  <testcase classname="tests.CheckoutTest" name="checkoutWithValidInformation" time="0.773"/>
</testsuite> <!-- tests.CheckoutTest -->
