<?xml version="1.0" encoding="UTF-8"?>
<!-- Generated by org.testng.reporters.JUnitReportReporter -->
<testsuite hostname="KiranPatil" failures="0" tests="4" name="tests.CartTest" time="11.588" errors="0" timestamp="2025-09-09T12:43:53 IST" skipped="0">
  <testcase classname="tests.CartTest" name="testAddProductToCart" time="0.716"/>
  <testcase classname="tests.CartTest" name="testRemoveProductFromCart" time="10.678"/>
  <testcase classname="tests.CartTest" name="testContinueShopping" time="0.074"/>
  <testcase classname="tests.CartTest" name="testProceedToCheckout" time="0.120"/>
</testsuite> <!-- tests.CartTest -->
