<?xml version="1.0" encoding="UTF-8"?>
<!-- Generated by org.testng.reporters.JUnitReportReporter -->
<testsuite hostname="KiranPatil" failures="0" tests="4" name="tests.CartTest" time="12.372" errors="0" timestamp="2025-09-09T09:17:06 IST" skipped="0">
  <testcase classname="tests.CartTest" name="testAddProductToCart" time="0.875"/>
  <testcase classname="tests.CartTest" name="testRemoveProductFromCart" time="10.940"/>
  <testcase classname="tests.CartTest" name="testContinueShopping" time="0.204"/>
  <testcase classname="tests.CartTest" name="testProceedToCheckout" time="0.353"/>
</testsuite> <!-- tests.CartTest -->
