<?xml version="1.0" encoding="UTF-8"?>
<!-- Generated by org.testng.reporters.JUnitReportReporter -->
<testsuite hostname="KiranPatil" failures="0" tests="4" name="tests.CartTest" time="11.749" errors="0" timestamp="2025-09-09T12:59:02 IST" skipped="0">
  <testcase classname="tests.CartTest" name="testAddProductToCart" time="0.793"/>
  <testcase classname="tests.CartTest" name="testRemoveProductFromCart" time="10.716"/>
  <testcase classname="tests.CartTest" name="testContinueShopping" time="0.091"/>
  <testcase classname="tests.CartTest" name="testProceedToCheckout" time="0.149"/>
</testsuite> <!-- tests.CartTest -->
