<?xml version="1.0" encoding="UTF-8"?>
<!-- Generated by org.testng.reporters.JUnitReportReporter -->
<testsuite hostname="KiranPatil" failures="0" tests="7" name="tests.ProductTest" time="2.134" errors="0" timestamp="2025-09-09T13:04:14 IST" skipped="0">
  <testcase classname="tests.ProductTest" name="verifyProductListDisplay" time="0.576"/>
  <testcase classname="tests.ProductTest" name="sortByNameAToZ" time="0.292"/>
  <testcase classname="tests.ProductTest" name="sortByNameZToA" time="0.255"/>
  <testcase classname="tests.ProductTest" name="sortByPriceLowToHigh" time="0.301"/>
  <testcase classname="tests.ProductTest" name="sortByPriceHighToLow" time="0.291"/>
  <testcase classname="tests.ProductTest" name="addProductToCart" time="0.215"/>
  <testcase classname="tests.ProductTest" name="clickOnProductDetailsPage" time="0.204"/>
</testsuite> <!-- tests.ProductTest -->
