<?xml version="1.0" encoding="UTF-8"?>
<!-- Generated by org.testng.reporters.JUnitReportReporter -->
<testsuite hostname="KiranPatil" failures="0" tests="7" name="tests.ProductTest" time="2.186" errors="0" timestamp="2025-09-09T12:59:02 IST" skipped="0">
  <testcase classname="tests.ProductTest" name="verifyProductListDisplay" time="0.578"/>
  <testcase classname="tests.ProductTest" name="sortByNameAToZ" time="0.302"/>
  <testcase classname="tests.ProductTest" name="sortByNameZToA" time="0.279"/>
  <testcase classname="tests.ProductTest" name="sortByPriceLowToHigh" time="0.246"/>
  <testcase classname="tests.ProductTest" name="sortByPriceHighToLow" time="0.286"/>
  <testcase classname="tests.ProductTest" name="addProductToCart" time="0.245"/>
  <testcase classname="tests.ProductTest" name="clickOnProductDetailsPage" time="0.250"/>
</testsuite> <!-- tests.ProductTest -->
