<?xml version="1.0" encoding="UTF-8"?>
<!-- Generated by org.testng.reporters.JUnitReportReporter -->
<testsuite hostname="KiranPatil" failures="0" tests="8" name="tests.LoginTest" time="3.450" errors="0" timestamp="2025-09-09T12:59:02 IST" skipped="0">
  <testcase classname="tests.LoginTest" name="testProblemUser" time="0.517"/>
  <testcase classname="tests.LoginTest" name="testEmptyUsername" time="0.408"/>
  <testcase classname="tests.LoginTest" name="testInvalidUsername" time="0.437"/>
  <testcase classname="tests.LoginTest" name="testEmptyPassword" time="0.385"/>
  <testcase classname="tests.LoginTest" name="testInvalidPassword" time="0.366"/>
  <testcase classname="tests.LoginTest" name="testEmptyUsernameAndPassword" time="0.448"/>
  <testcase classname="tests.LoginTest" name="testValidLogin" time="0.404"/>
  <testcase classname="tests.LoginTest" name="testLockedOutUser" time="0.485"/>
</testsuite> <!-- tests.LoginTest -->
