<?xml version="1.0" encoding="UTF-8"?>
<!-- Generated by org.testng.reporters.JUnitReportReporter -->
<testsuite hostname="KiranPatil" failures="0" tests="1" name="integration.IntegrationTest" time="2.095" errors="0" timestamp="2025-09-08T18:44:03 IST" skipped="0">
  <testcase classname="integration.IntegrationTest" name="testCompleteUserJourney" time="2.095"/>
</testsuite> <!-- integration.IntegrationTest -->
