<?xml version="1.0" encoding="UTF-8"?>
<!-- Generated by org.testng.reporters.JUnitReportReporter -->
<testsuite hostname="KiranPatil" failures="0" tests="3" name="tests.CheckoutTest" time="1.111" errors="0" timestamp="2025-09-09T13:01:03 IST" skipped="0">
  <testcase classname="tests.CheckoutTest" name="navigateToCheckoutPage" time="0.099"/>
  <testcase classname="tests.CheckoutTest" name="checkoutWithMissingRequiredFields" time="0.580"/>
  <testcase classname="tests.CheckoutTest" name="checkoutWithValidInformation" time="0.432"/>
</testsuite> <!-- tests.CheckoutTest -->
