<?xml version="1.0" encoding="UTF-8"?>
<!-- Generated by org.testng.reporters.JUnitReportReporter -->
<testsuite hostname="KiranPatil" failures="0" tests="8" name="tests.LoginTest" time="5.174" errors="0" timestamp="2025-09-08T10:26:28 IST" skipped="0">
  <testcase classname="tests.LoginTest" name="testProblemUser" time="1.025"/>
  <testcase classname="tests.LoginTest" name="testEmptyUsername" time="0.614"/>
  <testcase classname="tests.LoginTest" name="testInvalidUsername" time="0.675"/>
  <testcase classname="tests.LoginTest" name="testEmptyPassword" time="0.538"/>
  <testcase classname="tests.LoginTest" name="testInvalidPassword" time="0.612"/>
  <testcase classname="tests.LoginTest" name="testEmptyUsernameAndPassword" time="0.509"/>
  <testcase classname="tests.LoginTest" name="testLockedOutUser" time="0.562"/>
  <testcase classname="tests.LoginTest" name="testValidLogin" time="0.639"/>
</testsuite> <!-- tests.LoginTest -->
