<?xml version="1.0" encoding="UTF-8"?>
<!-- Generated by org.testng.reporters.JUnitReportReporter -->
<testsuite hostname="KiranPatil" failures="0" tests="8" name="tests.LoginTest" time="6.485" errors="0" timestamp="2025-09-08T18:44:03 IST" skipped="0">
  <testcase classname="tests.LoginTest" name="testProblemUser" time="0.822"/>
  <testcase classname="tests.LoginTest" name="testEmptyUsername" time="0.756"/>
  <testcase classname="tests.LoginTest" name="testInvalidUsername" time="0.756"/>
  <testcase classname="tests.LoginTest" name="testEmptyPassword" time="0.803"/>
  <testcase classname="tests.LoginTest" name="testInvalidPassword" time="0.894"/>
  <testcase classname="tests.LoginTest" name="testEmptyUsernameAndPassword" time="0.780"/>
  <testcase classname="tests.LoginTest" name="testValidLogin" time="0.847"/>
  <testcase classname="tests.LoginTest" name="testLockedOutUser" time="0.827"/>
</testsuite> <!-- tests.LoginTest -->
