<?xml version="1.0" encoding="UTF-8"?>
<!-- Generated by org.testng.reporters.JUnitReportReporter -->
<testsuite hostname="KiranPatil" failures="0" tests="7" name="tests.ProductTest" time="2.255" errors="0" timestamp="2025-09-09T12:45:00 IST" skipped="0">
  <testcase classname="tests.ProductTest" name="verifyProductListDisplay" time="0.659"/>
  <testcase classname="tests.ProductTest" name="sortByNameAToZ" time="0.334"/>
  <testcase classname="tests.ProductTest" name="sortByNameZToA" time="0.266"/>
  <testcase classname="tests.ProductTest" name="sortByPriceLowToHigh" time="0.261"/>
  <testcase classname="tests.ProductTest" name="sortByPriceHighToLow" time="0.332"/>
  <testcase classname="tests.ProductTest" name="addProductToCart" time="0.200"/>
  <testcase classname="tests.ProductTest" name="clickOnProductDetailsPage" time="0.203"/>
</testsuite> <!-- tests.ProductTest -->
