<?xml version="1.0" encoding="UTF-8"?>
<!-- Generated by org.testng.reporters.JUnitReportReporter -->
<testsuite hostname="KiranPatil" failures="0" tests="7" name="tests.ProductTest" time="3.061" errors="0" timestamp="2025-09-09T09:17:06 IST" skipped="0">
  <testcase classname="tests.ProductTest" name="verifyProductListDisplay" time="0.785"/>
  <testcase classname="tests.ProductTest" name="sortByNameAToZ" time="0.463"/>
  <testcase classname="tests.ProductTest" name="sortByNameZToA" time="0.382"/>
  <testcase classname="tests.ProductTest" name="sortByPriceLowToHigh" time="0.370"/>
  <testcase classname="tests.ProductTest" name="sortByPriceHighToLow" time="0.386"/>
  <testcase classname="tests.ProductTest" name="addProductToCart" time="0.345"/>
  <testcase classname="tests.ProductTest" name="clickOnProductDetailsPage" time="0.330"/>
</testsuite> <!-- tests.ProductTest -->
