<?xml version="1.0" encoding="UTF-8"?>
<!-- Generated by org.testng.reporters.JUnitReportReporter -->
<testsuite hostname="KiranPatil" failures="0" tests="8" name="tests.LoginTest" time="5.754" errors="0" timestamp="2025-09-09T09:20:10 IST" skipped="0">
  <testcase classname="tests.LoginTest" name="testProblemUser" time="0.751"/>
  <testcase classname="tests.LoginTest" name="testEmptyUsername" time="0.872"/>
  <testcase classname="tests.LoginTest" name="testInvalidUsername" time="0.751"/>
  <testcase classname="tests.LoginTest" name="testEmptyPassword" time="0.672"/>
  <testcase classname="tests.LoginTest" name="testInvalidPassword" time="0.686"/>
  <testcase classname="tests.LoginTest" name="testEmptyUsernameAndPassword" time="0.659"/>
  <testcase classname="tests.LoginTest" name="testValidLogin" time="0.720"/>
  <testcase classname="tests.LoginTest" name="testLockedOutUser" time="0.643"/>
</testsuite> <!-- tests.LoginTest -->
