<?xml version="1.0" encoding="UTF-8"?>
<!-- Generated by org.testng.reporters.JUnitReportReporter -->
<testsuite hostname="KiranPatil" failures="0" tests="7" name="tests.ProductTest" time="3.751" errors="0" timestamp="2025-09-09T10:25:25 IST" skipped="0">
  <testcase classname="tests.ProductTest" name="verifyProductListDisplay" time="0.853"/>
  <testcase classname="tests.ProductTest" name="sortByNameAToZ" time="0.605"/>
  <testcase classname="tests.ProductTest" name="sortByNameZToA" time="0.488"/>
  <testcase classname="tests.ProductTest" name="sortByPriceLowToHigh" time="0.311"/>
  <testcase classname="tests.ProductTest" name="sortByPriceHighToLow" time="0.543"/>
  <testcase classname="tests.ProductTest" name="addProductToCart" time="0.414"/>
  <testcase classname="tests.ProductTest" name="clickOnProductDetailsPage" time="0.537"/>
</testsuite> <!-- tests.ProductTest -->
