<?xml version="1.0" encoding="UTF-8"?>
<!-- Generated by org.testng.reporters.JUnitReportReporter -->
<testsuite hostname="KiranPatil" failures="0" tests="3" name="tests.CheckoutTest" time="1.030" errors="0" timestamp="2025-09-08T10:26:28 IST" skipped="0">
  <testcase classname="tests.CheckoutTest" name="navigateToCheckoutPage" time="0.117"/>
  <testcase classname="tests.CheckoutTest" name="checkoutWithMissingRequiredFields" time="0.429"/>
  <testcase classname="tests.CheckoutTest" name="checkoutWithValidInformation" time="0.484"/>
</testsuite> <!-- tests.CheckoutTest -->
