<?xml version="1.0" encoding="UTF-8"?>
<!-- Generated by org.testng.reporters.JUnitReportReporter -->
<testsuite hostname="KiranPatil" failures="0" tests="3" name="tests.CheckoutTest" time="1.186" errors="0" timestamp="2025-09-09T13:13:02 IST" skipped="0">
  <testcase classname="tests.CheckoutTest" name="navigateToCheckoutPage" time="0.114"/>
  <testcase classname="tests.CheckoutTest" name="checkoutWithMissingRequiredFields" time="0.458"/>
  <testcase classname="tests.CheckoutTest" name="checkoutWithValidInformation" time="0.614"/>
</testsuite> <!-- tests.CheckoutTest -->
