<?xml version="1.0" encoding="UTF-8"?>
<!-- Generated by org.testng.reporters.JUnitReportReporter -->
<testsuite hostname="KiranPatil" failures="0" tests="7" name="tests.ProductTest" time="3.237" errors="0" timestamp="2025-09-09T09:13:39 IST" skipped="0">
  <testcase classname="tests.ProductTest" name="verifyProductListDisplay" time="0.836"/>
  <testcase classname="tests.ProductTest" name="sortByNameAToZ" time="0.442"/>
  <testcase classname="tests.ProductTest" name="sortByNameZToA" time="0.408"/>
  <testcase classname="tests.ProductTest" name="sortByPriceLowToHigh" time="0.350"/>
  <testcase classname="tests.ProductTest" name="sortByPriceHighToLow" time="0.521"/>
  <testcase classname="tests.ProductTest" name="addProductToCart" time="0.336"/>
  <testcase classname="tests.ProductTest" name="clickOnProductDetailsPage" time="0.344"/>
</testsuite> <!-- tests.ProductTest -->
