<?xml version="1.0" encoding="UTF-8"?>
<!-- Generated by org.testng.reporters.JUnitReportReporter -->
<testsuite hostname="KiranPatil" failures="0" tests="4" name="tests.CartTest" time="12.170" errors="0" timestamp="2025-09-09T09:23:15 IST" skipped="0">
  <testcase classname="tests.CartTest" name="testAddProductToCart" time="0.803"/>
  <testcase classname="tests.CartTest" name="testRemoveProductFromCart" time="10.800"/>
  <testcase classname="tests.CartTest" name="testContinueShopping" time="0.188"/>
  <testcase classname="tests.CartTest" name="testProceedToCheckout" time="0.379"/>
</testsuite> <!-- tests.CartTest -->
