<?xml version="1.0" encoding="UTF-8"?>
<!-- Generated by org.testng.reporters.JUnitReportReporter -->
<testsuite hostname="KiranPatil" failures="0" tests="4" name="tests.CartTest" time="12.535" errors="0" timestamp="2025-09-09T10:04:16 IST" skipped="0">
  <testcase classname="tests.CartTest" name="testAddProductToCart" time="0.818"/>
  <testcase classname="tests.CartTest" name="testRemoveProductFromCart" time="10.960"/>
  <testcase classname="tests.CartTest" name="testContinueShopping" time="0.269"/>
  <testcase classname="tests.CartTest" name="testProceedToCheckout" time="0.488"/>
</testsuite> <!-- tests.CartTest -->
