<?xml version="1.0" encoding="UTF-8"?>
<!-- Generated by org.testng.reporters.JUnitReportReporter -->
<testsuite hostname="KiranPatil" failures="0" tests="7" name="tests.ProductTest" time="2.155" errors="0" timestamp="2025-09-09T13:06:08 IST" skipped="0">
  <testcase classname="tests.ProductTest" name="verifyProductListDisplay" time="0.651"/>
  <testcase classname="tests.ProductTest" name="sortByNameAToZ" time="0.293"/>
  <testcase classname="tests.ProductTest" name="sortByNameZToA" time="0.278"/>
  <testcase classname="tests.ProductTest" name="sortByPriceLowToHigh" time="0.260"/>
  <testcase classname="tests.ProductTest" name="sortByPriceHighToLow" time="0.257"/>
  <testcase classname="tests.ProductTest" name="addProductToCart" time="0.222"/>
  <testcase classname="tests.ProductTest" name="clickOnProductDetailsPage" time="0.194"/>
</testsuite> <!-- tests.ProductTest -->
