<?xml version="1.0" encoding="UTF-8"?>
<!-- Generated by org.testng.reporters.JUnitReportReporter -->
<testsuite hostname="KiranPatil" failures="0" tests="4" name="tests.CartTest" time="11.692" errors="0" timestamp="2025-09-09T13:04:14 IST" skipped="0">
  <testcase classname="tests.CartTest" name="testAddProductToCart" time="0.768"/>
  <testcase classname="tests.CartTest" name="testRemoveProductFromCart" time="10.730"/>
  <testcase classname="tests.CartTest" name="testContinueShopping" time="0.070"/>
  <testcase classname="tests.CartTest" name="testProceedToCheckout" time="0.124"/>
</testsuite> <!-- tests.CartTest -->
