<?xml version="1.0" encoding="UTF-8"?>
<!-- Generated by org.testng.reporters.JUnitReportReporter -->
<testsuite hostname="KiranPatil" failures="0" tests="4" name="tests.CartTest" time="12.380" errors="0" timestamp="2025-09-09T09:41:50 IST" skipped="0">
  <testcase classname="tests.CartTest" name="testAddProductToCart" time="0.790"/>
  <testcase classname="tests.CartTest" name="testRemoveProductFromCart" time="10.801"/>
  <testcase classname="tests.CartTest" name="testContinueShopping" time="0.264"/>
  <testcase classname="tests.CartTest" name="testProceedToCheckout" time="0.525"/>
</testsuite> <!-- tests.CartTest -->
