<?xml version="1.0" encoding="UTF-8"?>
<!-- Generated by org.testng.reporters.JUnitReportReporter -->
<testsuite hostname="KiranPatil" failures="0" tests="3" name="tests.CheckoutTest" time="0.939" errors="0" timestamp="2025-09-09T10:25:25 IST" skipped="0">
  <testcase classname="tests.CheckoutTest" name="navigateToCheckoutPage" time="0.108"/>
  <testcase classname="tests.CheckoutTest" name="checkoutWithMissingRequiredFields" time="0.414"/>
  <testcase classname="tests.CheckoutTest" name="checkoutWithValidInformation" time="0.417"/>
</testsuite> <!-- tests.CheckoutTest -->
