<?xml version="1.0" encoding="UTF-8"?>
<!-- Generated by org.testng.reporters.JUnitReportReporter -->
<testsuite hostname="KiranPatil" failures="0" tests="7" name="tests.ProductTest" time="2.104" errors="0" timestamp="2025-09-09T12:47:03 IST" skipped="0">
  <testcase classname="tests.ProductTest" name="verifyProductListDisplay" time="0.477"/>
  <testcase classname="tests.ProductTest" name="sortByNameAToZ" time="0.284"/>
  <testcase classname="tests.ProductTest" name="sortByNameZToA" time="0.243"/>
  <testcase classname="tests.ProductTest" name="sortByPriceLowToHigh" time="0.208"/>
  <testcase classname="tests.ProductTest" name="sortByPriceHighToLow" time="0.238"/>
  <testcase classname="tests.ProductTest" name="addProductToCart" time="0.196"/>
  <testcase classname="tests.ProductTest" name="clickOnProductDetailsPage" time="0.458"/>
</testsuite> <!-- tests.ProductTest -->
