<?xml version="1.0" encoding="UTF-8"?>
<!-- Generated by org.testng.reporters.JUnitReportReporter -->
<testsuite hostname="KiranPatil" failures="0" tests="8" name="tests.LoginTest" time="3.272" errors="0" timestamp="2025-09-09T12:54:55 IST" skipped="0">
  <testcase classname="tests.LoginTest" name="testProblemUser" time="0.518"/>
  <testcase classname="tests.LoginTest" name="testEmptyUsername" time="0.436"/>
  <testcase classname="tests.LoginTest" name="testInvalidUsername" time="0.471"/>
  <testcase classname="tests.LoginTest" name="testEmptyPassword" time="0.408"/>
  <testcase classname="tests.LoginTest" name="testInvalidPassword" time="0.352"/>
  <testcase classname="tests.LoginTest" name="testEmptyUsernameAndPassword" time="0.335"/>
  <testcase classname="tests.LoginTest" name="testValidLogin" time="0.405"/>
  <testcase classname="tests.LoginTest" name="testLockedOutUser" time="0.347"/>
</testsuite> <!-- tests.LoginTest -->
