<?xml version="1.0" encoding="UTF-8"?>
<!-- Generated by org.testng.reporters.JUnitReportReporter -->
<testsuite hostname="KiranPatil" failures="0" tests="8" name="tests.LoginTest" time="6.650" errors="0" timestamp="2025-09-09T09:23:15 IST" skipped="0">
  <testcase classname="tests.LoginTest" name="testProblemUser" time="1.182"/>
  <testcase classname="tests.LoginTest" name="testEmptyUsername" time="0.806"/>
  <testcase classname="tests.LoginTest" name="testInvalidUsername" time="0.881"/>
  <testcase classname="tests.LoginTest" name="testEmptyPassword" time="0.798"/>
  <testcase classname="tests.LoginTest" name="testInvalidPassword" time="0.683"/>
  <testcase classname="tests.LoginTest" name="testEmptyUsernameAndPassword" time="0.721"/>
  <testcase classname="tests.LoginTest" name="testLockedOutUser" time="0.789"/>
  <testcase classname="tests.LoginTest" name="testValidLogin" time="0.790"/>
</testsuite> <!-- tests.LoginTest -->
