<?xml version="1.0" encoding="UTF-8"?>
<!-- Generated by org.testng.reporters.JUnitReportReporter -->
<testsuite hostname="KiranPatil" failures="0" tests="8" name="tests.LoginTest" time="3.562" errors="0" timestamp="2025-09-09T13:01:03 IST" skipped="0">
  <testcase classname="tests.LoginTest" name="testProblemUser" time="0.546"/>
  <testcase classname="tests.LoginTest" name="testEmptyUsername" time="0.509"/>
  <testcase classname="tests.LoginTest" name="testInvalidUsername" time="0.533"/>
  <testcase classname="tests.LoginTest" name="testEmptyPassword" time="0.451"/>
  <testcase classname="tests.LoginTest" name="testInvalidPassword" time="0.425"/>
  <testcase classname="tests.LoginTest" name="testEmptyUsernameAndPassword" time="0.356"/>
  <testcase classname="tests.LoginTest" name="testValidLogin" time="0.378"/>
  <testcase classname="tests.LoginTest" name="testLockedOutUser" time="0.364"/>
</testsuite> <!-- tests.LoginTest -->
