<?xml version="1.0" encoding="UTF-8"?>
<!-- Generated by org.testng.reporters.JUnitReportReporter -->
<testsuite hostname="KiranPatil" failures="0" tests="7" name="tests.ProductTest" time="2.014" errors="0" timestamp="2025-09-09T13:16:41 IST" skipped="0">
  <testcase classname="tests.ProductTest" name="verifyProductListDisplay" time="0.606"/>
  <testcase classname="tests.ProductTest" name="sortByNameAToZ" time="0.265"/>
  <testcase classname="tests.ProductTest" name="sortByNameZToA" time="0.256"/>
  <testcase classname="tests.ProductTest" name="sortByPriceLowToHigh" time="0.249"/>
  <testcase classname="tests.ProductTest" name="sortByPriceHighToLow" time="0.216"/>
  <testcase classname="tests.ProductTest" name="addProductToCart" time="0.219"/>
  <testcase classname="tests.ProductTest" name="clickOnProductDetailsPage" time="0.203"/>
</testsuite> <!-- tests.ProductTest -->
