<?xml version="1.0" encoding="UTF-8"?>
<!-- Generated by org.testng.reporters.JUnitReportReporter -->
<testsuite hostname="KiranPatil" failures="0" tests="3" name="tests.CheckoutTest" time="0.846" errors="0" timestamp="2025-09-07T12:11:06 IST" skipped="0">
  <testcase classname="tests.CheckoutTest" name="TC020_navigateToCheckoutPage" time="0.070"/>
  <testcase classname="tests.CheckoutTest" name="TC022_checkoutWithMissingRequiredFields" time="0.360"/>
  <testcase classname="tests.CheckoutTest" name="TC021_checkoutWithValidInformation" time="0.416"/>
</testsuite> <!-- tests.CheckoutTest -->
