<?xml version="1.0" encoding="UTF-8"?>
<!-- Generated by org.testng.reporters.JUnitReportReporter -->
<testsuite hostname="KiranPatil" failures="0" tests="8" name="tests.LoginTest" time="9.082" errors="0" timestamp="2025-09-09T09:17:06 IST" skipped="0">
  <testcase classname="tests.LoginTest" name="testProblemUser" time="1.565"/>
  <testcase classname="tests.LoginTest" name="testEmptyUsername" time="1.450"/>
  <testcase classname="tests.LoginTest" name="testInvalidUsername" time="1.411"/>
  <testcase classname="tests.LoginTest" name="testEmptyPassword" time="0.915"/>
  <testcase classname="tests.LoginTest" name="testInvalidPassword" time="0.896"/>
  <testcase classname="tests.LoginTest" name="testEmptyUsernameAndPassword" time="0.834"/>
  <testcase classname="tests.LoginTest" name="testValidLogin" time="1.122"/>
  <testcase classname="tests.LoginTest" name="testLockedOutUser" time="0.889"/>
</testsuite> <!-- tests.LoginTest -->
