<?xml version="1.0" encoding="UTF-8"?>
<!-- Generated by org.testng.reporters.JUnitReportReporter -->
<testsuite hostname="KiranPatil" failures="0" tests="8" name="tests.LoginTest" time="3.881" errors="0" timestamp="2025-09-09T12:50:59 IST" skipped="0">
  <testcase classname="tests.LoginTest" name="testProblemUser" time="0.754"/>
  <testcase classname="tests.LoginTest" name="testEmptyUsername" time="0.471"/>
  <testcase classname="tests.LoginTest" name="testInvalidUsername" time="0.436"/>
  <testcase classname="tests.LoginTest" name="testEmptyPassword" time="0.475"/>
  <testcase classname="tests.LoginTest" name="testInvalidPassword" time="0.456"/>
  <testcase classname="tests.LoginTest" name="testEmptyUsernameAndPassword" time="0.379"/>
  <testcase classname="tests.LoginTest" name="testValidLogin" time="0.379"/>
  <testcase classname="tests.LoginTest" name="testLockedOutUser" time="0.531"/>
</testsuite> <!-- tests.LoginTest -->
