<?xml version="1.0" encoding="UTF-8"?>
<!-- Generated by org.testng.reporters.JUnitReportReporter -->
<testsuite hostname="KiranPatil" failures="0" tests="1" name="integration.IntegrationTest" time="1.790" errors="0" timestamp="2025-09-09T13:13:02 IST" skipped="0">
  <testcase classname="integration.IntegrationTest" name="testCompleteUserJourney" time="1.790"/>
</testsuite> <!-- integration.IntegrationTest -->
