<?xml version="1.0" encoding="UTF-8"?>
<!-- Generated by org.testng.reporters.JUnitReportReporter -->
<testsuite hostname="KiranPatil" failures="0" tests="4" name="tests.CartTest" time="11.890" errors="0" timestamp="2025-09-08T18:44:03 IST" skipped="0">
  <testcase classname="tests.CartTest" name="testAddProductToCart" time="0.781"/>
  <testcase classname="tests.CartTest" name="testRemoveProductFromCart" time="10.797"/>
  <testcase classname="tests.CartTest" name="testContinueShopping" time="0.145"/>
  <testcase classname="tests.CartTest" name="testProceedToCheckout" time="0.167"/>
</testsuite> <!-- tests.CartTest -->
