<?xml version="1.0" encoding="UTF-8"?>
<!-- Generated by org.testng.reporters.JUnitReportReporter -->
<testsuite hostname="KiranPatil" failures="0" tests="8" name="tests.LoginTest" time="3.757" errors="0" timestamp="2025-09-09T13:11:13 IST" skipped="0">
  <testcase classname="tests.LoginTest" name="testProblemUser" time="0.543"/>
  <testcase classname="tests.LoginTest" name="testEmptyUsername" time="0.473"/>
  <testcase classname="tests.LoginTest" name="testInvalidUsername" time="0.543"/>
  <testcase classname="tests.LoginTest" name="testEmptyPassword" time="0.523"/>
  <testcase classname="tests.LoginTest" name="testInvalidPassword" time="0.436"/>
  <testcase classname="tests.LoginTest" name="testEmptyUsernameAndPassword" time="0.395"/>
  <testcase classname="tests.LoginTest" name="testValidLogin" time="0.431"/>
  <testcase classname="tests.LoginTest" name="testLockedOutUser" time="0.413"/>
</testsuite> <!-- tests.LoginTest -->
