<?xml version="1.0" encoding="UTF-8"?>
<!-- Generated by org.testng.reporters.JUnitReportReporter -->
<testsuite hostname="KiranPatil" failures="0" tests="3" name="tests.CheckoutTest" time="1.117" errors="0" timestamp="2025-09-09T13:16:41 IST" skipped="0">
  <testcase classname="tests.CheckoutTest" name="navigateToCheckoutPage" time="0.144"/>
  <testcase classname="tests.CheckoutTest" name="checkoutWithMissingRequiredFields" time="0.434"/>
  <testcase classname="tests.CheckoutTest" name="checkoutWithValidInformation" time="0.539"/>
</testsuite> <!-- tests.CheckoutTest -->
