<?xml version="1.0" encoding="UTF-8"?>
<!-- Generated by org.testng.reporters.JUnitReportReporter -->
<testsuite hostname="KiranPatil" failures="0" tests="7" name="tests.ProductTest" time="3.698" errors="0" timestamp="2025-09-09T09:59:10 IST" skipped="0">
  <testcase classname="tests.ProductTest" name="verifyProductListDisplay" time="0.890"/>
  <testcase classname="tests.ProductTest" name="sortByNameAToZ" time="0.548"/>
  <testcase classname="tests.ProductTest" name="sortByNameZToA" time="0.452"/>
  <testcase classname="tests.ProductTest" name="sortByPriceLowToHigh" time="0.472"/>
  <testcase classname="tests.ProductTest" name="sortByPriceHighToLow" time="0.533"/>
  <testcase classname="tests.ProductTest" name="addProductToCart" time="0.342"/>
  <testcase classname="tests.ProductTest" name="clickOnProductDetailsPage" time="0.461"/>
</testsuite> <!-- tests.ProductTest -->
