<?xml version="1.0" encoding="UTF-8"?>
<!-- Generated by org.testng.reporters.JUnitReportReporter -->
<testsuite hostname="KiranPatil" failures="0" tests="3" name="tests.CheckoutTest" time="1.313" errors="0" timestamp="2025-09-08T18:44:03 IST" skipped="0">
  <testcase classname="tests.CheckoutTest" name="navigateToCheckoutPage" time="0.136"/>
  <testcase classname="tests.CheckoutTest" name="checkoutWithMissingRequiredFields" time="0.587"/>
  <testcase classname="tests.CheckoutTest" name="checkoutWithValidInformation" time="0.590"/>
</testsuite> <!-- tests.CheckoutTest -->
