<?xml version="1.0" encoding="UTF-8"?>
<!-- Generated by org.testng.reporters.JUnitReportReporter -->
<testsuite hostname="KiranPatil" failures="0" tests="4" name="tests.CartTest" time="11.792" errors="0" timestamp="2025-09-09T12:53:01 IST" skipped="0">
  <testcase classname="tests.CartTest" name="testAddProductToCart" time="0.805"/>
  <testcase classname="tests.CartTest" name="testRemoveProductFromCart" time="10.708"/>
  <testcase classname="tests.CartTest" name="testContinueShopping" time="0.098"/>
  <testcase classname="tests.CartTest" name="testProceedToCheckout" time="0.181"/>
</testsuite> <!-- tests.CartTest -->
