<?xml version="1.0" encoding="UTF-8"?>
<!-- Generated by org.testng.reporters.JUnitReportReporter -->
<testsuite hostname="KiranPatil" failures="0" tests="4" name="tests.CartTest" time="11.855" errors="0" timestamp="2025-09-08T10:26:28 IST" skipped="0">
  <testcase classname="tests.CartTest" name="testAddProductToCart" time="0.841"/>
  <testcase classname="tests.CartTest" name="testRemoveProductFromCart" time="10.752"/>
  <testcase classname="tests.CartTest" name="testContinueShopping" time="0.106"/>
  <testcase classname="tests.CartTest" name="testProceedToCheckout" time="0.156"/>
</testsuite> <!-- tests.CartTest -->
