<?xml version="1.0" encoding="UTF-8"?>
<!-- Generated by org.testng.reporters.JUnitReportReporter -->
<testsuite hostname="KiranPatil" failures="0" tests="4" name="tests.CartTest" time="11.846" errors="0" timestamp="2025-09-09T13:11:13 IST" skipped="0">
  <testcase classname="tests.CartTest" name="testAddProductToCart" time="0.720"/>
  <testcase classname="tests.CartTest" name="testRemoveProductFromCart" time="10.778"/>
  <testcase classname="tests.CartTest" name="testContinueShopping" time="0.110"/>
  <testcase classname="tests.CartTest" name="testProceedToCheckout" time="0.238"/>
</testsuite> <!-- tests.CartTest -->
