<?xml version="1.0" encoding="UTF-8"?>
<!-- Generated by org.testng.reporters.JUnitReportReporter -->
<testsuite hostname="KiranPatil" failures="0" tests="8" name="tests.LoginTest" time="5.928" errors="0" timestamp="2025-09-09T10:04:16 IST" skipped="0">
  <testcase classname="tests.LoginTest" name="testProblemUser" time="0.768"/>
  <testcase classname="tests.LoginTest" name="testEmptyUsername" time="0.714"/>
  <testcase classname="tests.LoginTest" name="testInvalidUsername" time="0.770"/>
  <testcase classname="tests.LoginTest" name="testEmptyPassword" time="0.767"/>
  <testcase classname="tests.LoginTest" name="testInvalidPassword" time="0.533"/>
  <testcase classname="tests.LoginTest" name="testEmptyUsernameAndPassword" time="0.812"/>
  <testcase classname="tests.LoginTest" name="testValidLogin" time="0.784"/>
  <testcase classname="tests.LoginTest" name="testLockedOutUser" time="0.780"/>
</testsuite> <!-- tests.LoginTest -->
