<?xml version="1.0" encoding="UTF-8"?>
<!-- Generated by org.testng.reporters.JUnitReportReporter -->
<testsuite hostname="KiranPatil" failures="0" tests="7" name="tests.ProductTest" time="1.895" errors="0" timestamp="2025-09-09T13:01:03 IST" skipped="0">
  <testcase classname="tests.ProductTest" name="verifyProductListDisplay" time="0.520"/>
  <testcase classname="tests.ProductTest" name="sortByNameAToZ" time="0.271"/>
  <testcase classname="tests.ProductTest" name="sortByNameZToA" time="0.250"/>
  <testcase classname="tests.ProductTest" name="sortByPriceLowToHigh" time="0.243"/>
  <testcase classname="tests.ProductTest" name="sortByPriceHighToLow" time="0.216"/>
  <testcase classname="tests.ProductTest" name="addProductToCart" time="0.184"/>
  <testcase classname="tests.ProductTest" name="clickOnProductDetailsPage" time="0.211"/>
</testsuite> <!-- tests.ProductTest -->
