<?xml version="1.0" encoding="UTF-8"?>
<!-- Generated by org.testng.reporters.JUnitReportReporter -->
<testsuite hostname="KiranPatil" failures="0" tests="8" name="tests.LoginTest" time="3.235" errors="0" timestamp="2025-09-09T12:48:56 IST" skipped="0">
  <testcase classname="tests.LoginTest" name="testProblemUser" time="0.513"/>
  <testcase classname="tests.LoginTest" name="testEmptyUsername" time="0.420"/>
  <testcase classname="tests.LoginTest" name="testInvalidUsername" time="0.420"/>
  <testcase classname="tests.LoginTest" name="testEmptyPassword" time="0.421"/>
  <testcase classname="tests.LoginTest" name="testInvalidPassword" time="0.384"/>
  <testcase classname="tests.LoginTest" name="testEmptyUsernameAndPassword" time="0.365"/>
  <testcase classname="tests.LoginTest" name="testValidLogin" time="0.366"/>
  <testcase classname="tests.LoginTest" name="testLockedOutUser" time="0.346"/>
</testsuite> <!-- tests.LoginTest -->
