<?xml version="1.0" encoding="UTF-8"?>
<!-- Generated by org.testng.reporters.JUnitReportReporter -->
<testsuite hostname="KiranPatil" failures="0" tests="8" name="tests.LoginTest" time="3.693" errors="0" timestamp="2025-09-09T13:16:41 IST" skipped="0">
  <testcase classname="tests.LoginTest" name="testProblemUser" time="0.503"/>
  <testcase classname="tests.LoginTest" name="testEmptyUsername" time="0.634"/>
  <testcase classname="tests.LoginTest" name="testInvalidUsername" time="0.470"/>
  <testcase classname="tests.LoginTest" name="testEmptyPassword" time="0.424"/>
  <testcase classname="tests.LoginTest" name="testInvalidPassword" time="0.387"/>
  <testcase classname="tests.LoginTest" name="testEmptyUsernameAndPassword" time="0.426"/>
  <testcase classname="tests.LoginTest" name="testValidLogin" time="0.373"/>
  <testcase classname="tests.LoginTest" name="testLockedOutUser" time="0.476"/>
</testsuite> <!-- tests.LoginTest -->
