<?xml version="1.0" encoding="UTF-8"?>
<!-- Generated by org.testng.reporters.JUnitReportReporter -->
<testsuite hostname="KiranPatil" failures="0" tests="4" name="tests.CartTest" time="12.623" errors="0" timestamp="2025-09-09T09:59:10 IST" skipped="0">
  <testcase classname="tests.CartTest" name="testAddProductToCart" time="0.857"/>
  <testcase classname="tests.CartTest" name="testRemoveProductFromCart" time="10.985"/>
  <testcase classname="tests.CartTest" name="testContinueShopping" time="0.263"/>
  <testcase classname="tests.CartTest" name="testProceedToCheckout" time="0.518"/>
</testsuite> <!-- tests.CartTest -->
