<?xml version="1.0" encoding="UTF-8"?>
<!-- Generated by org.testng.reporters.JUnitReportReporter -->
<testsuite hostname="KiranPatil" failures="0" tests="8" name="tests.ProductTest" time="13.033" errors="0" timestamp="2025-09-08T18:44:03 IST" skipped="0">
  <testcase classname="tests.ProductTest" name="verifyProductListDisplay" time="0.693"/>
  <testcase classname="tests.ProductTest" name="sortByNameAToZ" time="0.464"/>
  <testcase classname="tests.ProductTest" name="sortByNameZToA" time="0.358"/>
  <testcase classname="tests.ProductTest" name="sortByPriceLowToHigh" time="0.416"/>
  <testcase classname="tests.ProductTest" name="sortByPriceHighToLow" time="0.351"/>
  <testcase classname="tests.ProductTest" name="addProductToCart" time="0.306"/>
  <testcase classname="tests.ProductTest" name="clickOnProductDetailsPage" time="0.308"/>
  <testcase classname="tests.ProductTest" name="addInvalidProduct" time="10.137"/>
</testsuite> <!-- tests.ProductTest -->
