<?xml version="1.0" encoding="UTF-8"?>
<!-- Generated by org.testng.reporters.JUnitReportReporter -->
<testsuite hostname="KiranPatil" failures="0" tests="8" name="tests.LoginTest" time="6.173" errors="0" timestamp="2025-09-09T09:41:50 IST" skipped="0">
  <testcase classname="tests.LoginTest" name="testProblemUser" time="0.948"/>
  <testcase classname="tests.LoginTest" name="testEmptyUsername" time="0.650"/>
  <testcase classname="tests.LoginTest" name="testInvalidUsername" time="0.696"/>
  <testcase classname="tests.LoginTest" name="testEmptyPassword" time="0.652"/>
  <testcase classname="tests.LoginTest" name="testInvalidPassword" time="0.776"/>
  <testcase classname="tests.LoginTest" name="testEmptyUsernameAndPassword" time="0.663"/>
  <testcase classname="tests.LoginTest" name="testValidLogin" time="0.970"/>
  <testcase classname="tests.LoginTest" name="testLockedOutUser" time="0.818"/>
</testsuite> <!-- tests.LoginTest -->
