<?xml version="1.0" encoding="UTF-8"?>
<!-- Generated by org.testng.reporters.JUnitReportReporter -->
<testsuite hostname="KiranPatil" failures="0" tests="7" name="tests.ProductTest" time="1.872" errors="0" timestamp="2025-09-09T12:57:06 IST" skipped="0">
  <testcase classname="tests.ProductTest" name="verifyProductListDisplay" time="0.517"/>
  <testcase classname="tests.ProductTest" name="sortByNameAToZ" time="0.301"/>
  <testcase classname="tests.ProductTest" name="sortByNameZToA" time="0.260"/>
  <testcase classname="tests.ProductTest" name="sortByPriceLowToHigh" time="0.212"/>
  <testcase classname="tests.ProductTest" name="sortByPriceHighToLow" time="0.205"/>
  <testcase classname="tests.ProductTest" name="addProductToCart" time="0.189"/>
  <testcase classname="tests.ProductTest" name="clickOnProductDetailsPage" time="0.188"/>
</testsuite> <!-- tests.ProductTest -->
