<?xml version="1.0" encoding="UTF-8"?>
<!-- Generated by org.testng.reporters.JUnitReportReporter -->
<testsuite hostname="KiranPatil" failures="0" tests="8" name="tests.LoginTest" time="9.045" errors="0" timestamp="2025-09-09T09:53:36 IST" skipped="0">
  <testcase classname="tests.LoginTest" name="testProblemUser" time="1.061"/>
  <testcase classname="tests.LoginTest" name="testEmptyUsername" time="0.936"/>
  <testcase classname="tests.LoginTest" name="testInvalidUsername" time="1.037"/>
  <testcase classname="tests.LoginTest" name="testEmptyPassword" time="1.243"/>
  <testcase classname="tests.LoginTest" name="testInvalidPassword" time="1.173"/>
  <testcase classname="tests.LoginTest" name="testEmptyUsernameAndPassword" time="1.361"/>
  <testcase classname="tests.LoginTest" name="testValidLogin" time="1.171"/>
  <testcase classname="tests.LoginTest" name="testLockedOutUser" time="1.063"/>
</testsuite> <!-- tests.LoginTest -->
