<?xml version="1.0" encoding="UTF-8"?>
<!-- Generated by org.testng.reporters.JUnitReportReporter -->
<testsuite hostname="KiranPatil" failures="0" tests="8" name="tests.LoginTest" time="4.759" errors="0" timestamp="2025-09-09T09:13:39 IST" skipped="0">
  <testcase classname="tests.LoginTest" name="testProblemUser" time="0.757"/>
  <testcase classname="tests.LoginTest" name="testEmptyUsername" time="0.567"/>
  <testcase classname="tests.LoginTest" name="testInvalidUsername" time="0.612"/>
  <testcase classname="tests.LoginTest" name="testEmptyPassword" time="0.563"/>
  <testcase classname="tests.LoginTest" name="testInvalidPassword" time="0.506"/>
  <testcase classname="tests.LoginTest" name="testEmptyUsernameAndPassword" time="0.582"/>
  <testcase classname="tests.LoginTest" name="testValidLogin" time="0.595"/>
  <testcase classname="tests.LoginTest" name="testLockedOutUser" time="0.577"/>
</testsuite> <!-- tests.LoginTest -->
