<?xml version="1.0" encoding="UTF-8"?>
<!-- Generated by org.testng.reporters.JUnitReportReporter -->
<testsuite hostname="KiranPatil" failures="0" tests="7" name="tests.ProductTest" time="2.107" errors="0" timestamp="2025-09-09T13:11:13 IST" skipped="0">
  <testcase classname="tests.ProductTest" name="verifyProductListDisplay" time="0.532"/>
  <testcase classname="tests.ProductTest" name="sortByNameAToZ" time="0.380"/>
  <testcase classname="tests.ProductTest" name="sortByNameZToA" time="0.247"/>
  <testcase classname="tests.ProductTest" name="sortByPriceLowToHigh" time="0.235"/>
  <testcase classname="tests.ProductTest" name="sortByPriceHighToLow" time="0.239"/>
  <testcase classname="tests.ProductTest" name="addProductToCart" time="0.240"/>
  <testcase classname="tests.ProductTest" name="clickOnProductDetailsPage" time="0.234"/>
</testsuite> <!-- tests.ProductTest -->
