<?xml version="1.0" encoding="UTF-8"?>
<!-- Generated by org.testng.reporters.JUnitReportReporter -->
<testsuite hostname="KiranPatil" failures="0" tests="8" name="tests.LoginTest" time="6.095" errors="0" timestamp="2025-09-09T13:04:14 IST" skipped="0">
  <testcase classname="tests.LoginTest" name="testProblemUser" time="1.525"/>
  <testcase classname="tests.LoginTest" name="testEmptyUsername" time="0.690"/>
  <testcase classname="tests.LoginTest" name="testInvalidUsername" time="0.792"/>
  <testcase classname="tests.LoginTest" name="testEmptyPassword" time="0.532"/>
  <testcase classname="tests.LoginTest" name="testInvalidPassword" time="0.562"/>
  <testcase classname="tests.LoginTest" name="testEmptyUsernameAndPassword" time="0.499"/>
  <testcase classname="tests.LoginTest" name="testValidLogin" time="0.524"/>
  <testcase classname="tests.LoginTest" name="testLockedOutUser" time="0.971"/>
</testsuite> <!-- tests.LoginTest -->
