<?xml version="1.0" encoding="UTF-8"?>
<!-- Generated by org.testng.reporters.JUnitReportReporter -->
<testsuite hostname="KiranPatil" failures="0" tests="8" name="tests.ProductTest" time="19.436" errors="0" timestamp="2025-09-07T12:11:06 IST" skipped="0">
  <testcase classname="tests.ProductTest" name="TC009_TC010_verifyProductListDisplay" time="2.859"/>
  <testcase classname="tests.ProductTest" name="TC011_sortByNameAToZ" time="0.482"/>
  <testcase classname="tests.ProductTest" name="TC011_sortByNameZToA" time="0.473"/>
  <testcase classname="tests.ProductTest" name="TC011_sortByPriceLowToHigh" time="0.406"/>
  <testcase classname="tests.ProductTest" name="TC011_sortByPriceHighToLow" time="0.418"/>
  <testcase classname="tests.ProductTest" name="TC012_addProductToCart" time="0.430"/>
  <testcase classname="tests.ProductTest" name="TC015_clickOnProductDetailsPage" time="4.270"/>
  <testcase classname="tests.ProductTest" name="TC016_addInvalidProduct" time="10.098"/>
</testsuite> <!-- tests.ProductTest -->
