<?xml version="1.0" encoding="UTF-8"?>
<!-- Generated by org.testng.reporters.JUnitReportReporter -->
<testsuite hostname="KiranPatil" failures="0" tests="7" name="tests.ProductTest" time="1.899" errors="0" timestamp="2025-09-09T12:54:55 IST" skipped="0">
  <testcase classname="tests.ProductTest" name="verifyProductListDisplay" time="0.589"/>
  <testcase classname="tests.ProductTest" name="sortByNameAToZ" time="0.336"/>
  <testcase classname="tests.ProductTest" name="sortByNameZToA" time="0.229"/>
  <testcase classname="tests.ProductTest" name="sortByPriceLowToHigh" time="0.205"/>
  <testcase classname="tests.ProductTest" name="sortByPriceHighToLow" time="0.200"/>
  <testcase classname="tests.ProductTest" name="addProductToCart" time="0.163"/>
  <testcase classname="tests.ProductTest" name="clickOnProductDetailsPage" time="0.177"/>
</testsuite> <!-- tests.ProductTest -->
