<?xml version="1.0" encoding="UTF-8"?>
<!-- Generated by org.testng.reporters.JUnitReportReporter -->
<testsuite hostname="KiranPatil" failures="0" tests="7" name="tests.ProductTest" time="2.015" errors="0" timestamp="2025-09-09T13:13:02 IST" skipped="0">
  <testcase classname="tests.ProductTest" name="verifyProductListDisplay" time="0.647"/>
  <testcase classname="tests.ProductTest" name="sortByNameAToZ" time="0.280"/>
  <testcase classname="tests.ProductTest" name="sortByNameZToA" time="0.255"/>
  <testcase classname="tests.ProductTest" name="sortByPriceLowToHigh" time="0.241"/>
  <testcase classname="tests.ProductTest" name="sortByPriceHighToLow" time="0.220"/>
  <testcase classname="tests.ProductTest" name="addProductToCart" time="0.192"/>
  <testcase classname="tests.ProductTest" name="clickOnProductDetailsPage" time="0.180"/>
</testsuite> <!-- tests.ProductTest -->
