<?xml version="1.0" encoding="UTF-8"?>
<!-- Generated by org.testng.reporters.JUnitReportReporter -->
<testsuite hostname="KiranPatil" failures="0" tests="8" name="tests.LoginTest" time="3.823" errors="0" timestamp="2025-09-09T12:45:00 IST" skipped="0">
  <testcase classname="tests.LoginTest" name="testProblemUser" time="0.581"/>
  <testcase classname="tests.LoginTest" name="testEmptyUsername" time="0.461"/>
  <testcase classname="tests.LoginTest" name="testInvalidUsername" time="0.518"/>
  <testcase classname="tests.LoginTest" name="testEmptyPassword" time="0.459"/>
  <testcase classname="tests.LoginTest" name="testInvalidPassword" time="0.417"/>
  <testcase classname="tests.LoginTest" name="testEmptyUsernameAndPassword" time="0.491"/>
  <testcase classname="tests.LoginTest" name="testValidLogin" time="0.440"/>
  <testcase classname="tests.LoginTest" name="testLockedOutUser" time="0.456"/>
</testsuite> <!-- tests.LoginTest -->
