<?xml version="1.0" encoding="UTF-8"?>
<!-- Generated by org.testng.reporters.JUnitReportReporter -->
<testsuite hostname="KiranPatil" failures="0" tests="4" name="tests.CartTest" time="12.528" errors="0" timestamp="2025-09-07T15:15:39 IST" skipped="0">
  <testcase classname="tests.CartTest" name="testAddProductToCart" time="0.843"/>
  <testcase classname="tests.CartTest" name="testRemoveProductFromCart" time="10.922"/>
  <testcase classname="tests.CartTest" name="testContinueShopping" time="0.350"/>
  <testcase classname="tests.CartTest" name="testProceedToCheckout" time="0.413"/>
</testsuite> <!-- tests.CartTest -->
