<?xml version="1.0" encoding="UTF-8"?>
<!-- Generated by org.testng.reporters.JUnitReportReporter -->
<testsuite hostname="KiranPatil" failures="0" tests="8" name="tests.LoginTest" time="7.583" errors="0" timestamp="2025-09-09T09:43:54 IST" skipped="0">
  <testcase classname="tests.LoginTest" name="testProblemUser" time="1.299"/>
  <testcase classname="tests.LoginTest" name="testEmptyUsername" time="0.642"/>
  <testcase classname="tests.LoginTest" name="testInvalidUsername" time="0.827"/>
  <testcase classname="tests.LoginTest" name="testEmptyPassword" time="0.947"/>
  <testcase classname="tests.LoginTest" name="testInvalidPassword" time="0.929"/>
  <testcase classname="tests.LoginTest" name="testEmptyUsernameAndPassword" time="0.980"/>
  <testcase classname="tests.LoginTest" name="testValidLogin" time="0.980"/>
  <testcase classname="tests.LoginTest" name="testLockedOutUser" time="0.979"/>
</testsuite> <!-- tests.LoginTest -->
