<?xml version="1.0" encoding="UTF-8"?>
<!-- Generated by org.testng.reporters.JUnitReportReporter -->
<testsuite hostname="KiranPatil" failures="0" tests="8" name="tests.LoginTest" time="4.561" errors="0" timestamp="2025-09-09T12:53:01 IST" skipped="0">
  <testcase classname="tests.LoginTest" name="testProblemUser" time="0.532"/>
  <testcase classname="tests.LoginTest" name="testEmptyUsername" time="0.589"/>
  <testcase classname="tests.LoginTest" name="testInvalidUsername" time="0.819"/>
  <testcase classname="tests.LoginTest" name="testEmptyPassword" time="0.505"/>
  <testcase classname="tests.LoginTest" name="testInvalidPassword" time="0.603"/>
  <testcase classname="tests.LoginTest" name="testEmptyUsernameAndPassword" time="0.464"/>
  <testcase classname="tests.LoginTest" name="testValidLogin" time="0.549"/>
  <testcase classname="tests.LoginTest" name="testLockedOutUser" time="0.500"/>
</testsuite> <!-- tests.LoginTest -->
