<?xml version="1.0" encoding="UTF-8"?>
<!-- Generated by org.testng.reporters.JUnitReportReporter -->
<testsuite hostname="KiranPatil" failures="0" tests="4" name="tests.CartTest" time="11.807" errors="0" timestamp="2025-09-09T12:47:03 IST" skipped="0">
  <testcase classname="tests.CartTest" name="testAddProductToCart" time="0.727"/>
  <testcase classname="tests.CartTest" name="testRemoveProductFromCart" time="10.680"/>
  <testcase classname="tests.CartTest" name="testContinueShopping" time="0.157"/>
  <testcase classname="tests.CartTest" name="testProceedToCheckout" time="0.243"/>
</testsuite> <!-- tests.CartTest -->
