<?xml version="1.0" encoding="UTF-8"?>
<!-- Generated by org.testng.reporters.JUnitReportReporter -->
<testsuite hostname="KiranPatil" failures="0" tests="3" name="tests.CheckoutTest" time="1.129" errors="0" timestamp="2025-09-09T12:48:56 IST" skipped="0">
  <testcase classname="tests.CheckoutTest" name="navigateToCheckoutPage" time="0.144"/>
  <testcase classname="tests.CheckoutTest" name="checkoutWithMissingRequiredFields" time="0.548"/>
  <testcase classname="tests.CheckoutTest" name="checkoutWithValidInformation" time="0.437"/>
</testsuite> <!-- tests.CheckoutTest -->
