<?xml version="1.0" encoding="UTF-8"?>
<!-- Generated by org.testng.reporters.JUnitReportReporter -->
<testsuite hostname="KiranPatil" failures="0" tests="7" name="tests.ProductTest" time="2.570" errors="0" timestamp="2025-09-09T10:32:17 IST" skipped="0">
  <testcase classname="tests.ProductTest" name="verifyProductListDisplay" time="0.864"/>
  <testcase classname="tests.ProductTest" name="sortByNameAToZ" time="0.434"/>
  <testcase classname="tests.ProductTest" name="sortByNameZToA" time="0.314"/>
  <testcase classname="tests.ProductTest" name="sortByPriceLowToHigh" time="0.264"/>
  <testcase classname="tests.ProductTest" name="sortByPriceHighToLow" time="0.237"/>
  <testcase classname="tests.ProductTest" name="addProductToCart" time="0.244"/>
  <testcase classname="tests.ProductTest" name="clickOnProductDetailsPage" time="0.213"/>
</testsuite> <!-- tests.ProductTest -->
