<?xml version="1.0" encoding="UTF-8"?>
<!-- Generated by org.testng.reporters.JUnitReportReporter -->
<testsuite hostname="KiranPatil" failures="0" tests="8" name="tests.LoginTest" time="3.495" errors="0" timestamp="2025-09-09T10:32:17 IST" skipped="0">
  <testcase classname="tests.LoginTest" name="testProblemUser" time="0.552"/>
  <testcase classname="tests.LoginTest" name="testEmptyUsername" time="0.398"/>
  <testcase classname="tests.LoginTest" name="testInvalidUsername" time="0.434"/>
  <testcase classname="tests.LoginTest" name="testEmptyPassword" time="0.477"/>
  <testcase classname="tests.LoginTest" name="testInvalidPassword" time="0.376"/>
  <testcase classname="tests.LoginTest" name="testEmptyUsernameAndPassword" time="0.402"/>
  <testcase classname="tests.LoginTest" name="testValidLogin" time="0.433"/>
  <testcase classname="tests.LoginTest" name="testLockedOutUser" time="0.423"/>
</testsuite> <!-- tests.LoginTest -->
