<?xml version="1.0" encoding="UTF-8"?>
<!-- Generated by org.testng.reporters.JUnitReportReporter -->
<testsuite hostname="KiranPatil" failures="0" tests="7" name="tests.ProductTest" time="2.168" errors="0" timestamp="2025-09-09T12:53:01 IST" skipped="0">
  <testcase classname="tests.ProductTest" name="verifyProductListDisplay" time="0.560"/>
  <testcase classname="tests.ProductTest" name="sortByNameAToZ" time="0.584"/>
  <testcase classname="tests.ProductTest" name="sortByNameZToA" time="0.226"/>
  <testcase classname="tests.ProductTest" name="sortByPriceLowToHigh" time="0.262"/>
  <testcase classname="tests.ProductTest" name="sortByPriceHighToLow" time="0.205"/>
  <testcase classname="tests.ProductTest" name="addProductToCart" time="0.169"/>
  <testcase classname="tests.ProductTest" name="clickOnProductDetailsPage" time="0.162"/>
</testsuite> <!-- tests.ProductTest -->
