<?xml version="1.0" encoding="UTF-8"?>
<!-- Generated by org.testng.reporters.JUnitReportReporter -->
<testsuite hostname="KiranPatil" failures="0" tests="7" name="tests.ProductTest" time="3.965" errors="0" timestamp="2025-09-09T09:43:54 IST" skipped="0">
  <testcase classname="tests.ProductTest" name="verifyProductListDisplay" time="0.851"/>
  <testcase classname="tests.ProductTest" name="sortByNameAToZ" time="0.538"/>
  <testcase classname="tests.ProductTest" name="sortByNameZToA" time="0.676"/>
  <testcase classname="tests.ProductTest" name="sortByPriceLowToHigh" time="0.455"/>
  <testcase classname="tests.ProductTest" name="sortByPriceHighToLow" time="0.504"/>
  <testcase classname="tests.ProductTest" name="addProductToCart" time="0.522"/>
  <testcase classname="tests.ProductTest" name="clickOnProductDetailsPage" time="0.419"/>
</testsuite> <!-- tests.ProductTest -->
