<?xml version="1.0" encoding="UTF-8"?>
<!-- Generated by org.testng.reporters.JUnitReportReporter -->
<testsuite hostname="KiranPatil" failures="0" tests="7" name="tests.ProductTest" time="1.951" errors="0" timestamp="2025-09-09T12:48:56 IST" skipped="0">
  <testcase classname="tests.ProductTest" name="verifyProductListDisplay" time="0.504"/>
  <testcase classname="tests.ProductTest" name="sortByNameAToZ" time="0.258"/>
  <testcase classname="tests.ProductTest" name="sortByNameZToA" time="0.213"/>
  <testcase classname="tests.ProductTest" name="sortByPriceLowToHigh" time="0.258"/>
  <testcase classname="tests.ProductTest" name="sortByPriceHighToLow" time="0.286"/>
  <testcase classname="tests.ProductTest" name="addProductToCart" time="0.220"/>
  <testcase classname="tests.ProductTest" name="clickOnProductDetailsPage" time="0.212"/>
</testsuite> <!-- tests.ProductTest -->
