<?xml version="1.0" encoding="UTF-8"?>
<!-- Generated by org.testng.reporters.JUnitReportReporter -->
<testsuite hostname="KiranPatil" failures="0" tests="8" name="tests.LoginTest" time="2.846" errors="0" timestamp="2025-09-07T12:11:06 IST" skipped="0">
  <testcase classname="tests.LoginTest" name="testProblemUser" time="0.522"/>
  <testcase classname="tests.LoginTest" name="testEmptyUsername" time="0.402"/>
  <testcase classname="tests.LoginTest" name="testInvalidUsername" time="0.338"/>
  <testcase classname="tests.LoginTest" name="testEmptyPassword" time="0.296"/>
  <testcase classname="tests.LoginTest" name="testInvalidPassword" time="0.368"/>
  <testcase classname="tests.LoginTest" name="testEmptyUsernameAndPassword" time="0.283"/>
  <testcase classname="tests.LoginTest" name="testLockedOutUser" time="0.316"/>
  <testcase classname="tests.LoginTest" name="testValidLogin" time="0.321"/>
</testsuite> <!-- tests.LoginTest -->
