<?xml version="1.0" encoding="UTF-8"?>
<!-- Generated by org.testng.reporters.JUnitReportReporter -->
<testsuite hostname="KiranPatil" failures="0" tests="8" name="tests.LoginTest" time="7.581" errors="0" timestamp="2025-09-09T09:59:10 IST" skipped="0">
  <testcase classname="tests.LoginTest" name="testProblemUser" time="0.988"/>
  <testcase classname="tests.LoginTest" name="testEmptyUsername" time="0.809"/>
  <testcase classname="tests.LoginTest" name="testInvalidUsername" time="1.018"/>
  <testcase classname="tests.LoginTest" name="testEmptyPassword" time="1.004"/>
  <testcase classname="tests.LoginTest" name="testInvalidPassword" time="0.784"/>
  <testcase classname="tests.LoginTest" name="testEmptyUsernameAndPassword" time="0.961"/>
  <testcase classname="tests.LoginTest" name="testValidLogin" time="1.052"/>
  <testcase classname="tests.LoginTest" name="testLockedOutUser" time="0.965"/>
</testsuite> <!-- tests.LoginTest -->
